[0.168s] DEBUG:colcon:Command line arguments: ['/usr/bin/colcon', 'build']
[0.169s] DEBUG:colcon:Parsed command line arguments: Namespace(log_base=None, log_level=None, verb_name='build', build_base='build', install_base='install', merge_install=False, symlink_install=<colcon_core.argument_default.BooleanDefaultValue object at 0x7f51f0b05c90>, test_result_base=None, continue_on_error=False, executor='parallel', parallel_workers=8, event_handlers=None, ignore_user_meta=False, metas=['./colcon.meta'], base_paths=['.'], packages_ignore=None, packages_ignore_regex=None, paths=None, packages_up_to=None, packages_up_to_regex=None, packages_above=None, packages_above_and_dependencies=None, packages_above_depth=None, packages_select_by_dep=None, packages_skip_by_dep=None, packages_skip_up_to=None, packages_select_build_failed=False, packages_skip_build_finished=False, packages_select_test_failures=False, packages_skip_test_passed=False, packages_select=None, packages_skip=None, packages_select_regex=None, packages_skip_regex=None, packages_start=None, packages_end=None, allow_overriding=[], cmake_args=None, cmake_target=None, cmake_target_skip_unavailable=False, cmake_clean_cache=False, cmake_clean_first=False, cmake_force_configure=False, ament_cmake_args=None, catkin_cmake_args=None, catkin_skip_building_tests=False, verb_parser=<colcon_defaults.argument_parser.defaults.DefaultArgumentsDecorator object at 0x7f51f0a8da50>, verb_extension=<colcon_core.verb.build.BuildVerb object at 0x7f51f0c26ef0>, main=<bound method BuildVerb.main of <colcon_core.verb.build.BuildVerb object at 0x7f51f0c26ef0>>)
[0.380s] Level 1:colcon.colcon_core.package_discovery:discover_packages(colcon_meta) check parameters
[0.381s] Level 1:colcon.colcon_core.package_discovery:discover_packages(recursive) check parameters
[0.381s] Level 1:colcon.colcon_core.package_discovery:discover_packages(ignore) check parameters
[0.381s] Level 1:colcon.colcon_core.package_discovery:discover_packages(path) check parameters
[0.382s] Level 1:colcon.colcon_core.package_discovery:discover_packages(colcon_meta) discover
[0.382s] Level 1:colcon.colcon_core.package_discovery:discover_packages(recursive) discover
[0.382s] INFO:colcon.colcon_core.package_discovery:Crawling recursively for packages in '/home/turtle/ros2_ws/src'
[0.383s] Level 1:colcon.colcon_core.package_identification:_identify(.) by extensions ['ignore', 'ignore_ament_install']
[0.384s] Level 1:colcon.colcon_core.package_identification:_identify(.) by extension 'ignore'
[0.384s] Level 1:colcon.colcon_core.package_identification:_identify(.) by extension 'ignore_ament_install'
[0.385s] Level 1:colcon.colcon_core.package_identification:_identify(.) by extensions ['colcon_pkg']
[0.385s] Level 1:colcon.colcon_core.package_identification:_identify(.) by extension 'colcon_pkg'
[0.385s] Level 1:colcon.colcon_core.package_identification:_identify(.) by extensions ['colcon_meta']
[0.385s] Level 1:colcon.colcon_core.package_identification:_identify(.) by extension 'colcon_meta'
[0.385s] Level 1:colcon.colcon_core.package_identification:_identify(.) by extensions ['ros']
[0.386s] Level 1:colcon.colcon_core.package_identification:_identify(.) by extension 'ros'
[0.396s] Level 1:colcon.colcon_core.package_identification:_identify(.) by extensions ['cmake', 'python']
[0.397s] Level 1:colcon.colcon_core.package_identification:_identify(.) by extension 'cmake'
[0.397s] Level 1:colcon.colcon_core.package_identification:_identify(.) by extension 'python'
[0.397s] Level 1:colcon.colcon_core.package_identification:_identify(.) by extensions ['python_setup_py']
[0.397s] Level 1:colcon.colcon_core.package_identification:_identify(.) by extension 'python_setup_py'
[0.397s] Level 1:colcon.colcon_core.package_identification:_identify(build) by extensions ['ignore', 'ignore_ament_install']
[0.397s] Level 1:colcon.colcon_core.package_identification:_identify(build) by extension 'ignore'
[0.398s] Level 1:colcon.colcon_core.package_identification:_identify(build) ignored
[0.398s] Level 1:colcon.colcon_core.package_identification:_identify(install) by extensions ['ignore', 'ignore_ament_install']
[0.398s] Level 1:colcon.colcon_core.package_identification:_identify(install) by extension 'ignore'
[0.398s] Level 1:colcon.colcon_core.package_identification:_identify(install) ignored
[0.399s] Level 1:colcon.colcon_core.package_identification:_identify(log) by extensions ['ignore', 'ignore_ament_install']
[0.399s] Level 1:colcon.colcon_core.package_identification:_identify(log) by extension 'ignore'
[0.400s] Level 1:colcon.colcon_core.package_identification:_identify(log) ignored
[0.401s] Level 1:colcon.colcon_core.package_identification:_identify(projet2025) by extensions ['ignore', 'ignore_ament_install']
[0.401s] Level 1:colcon.colcon_core.package_identification:_identify(projet2025) by extension 'ignore'
[0.401s] Level 1:colcon.colcon_core.package_identification:_identify(projet2025) by extension 'ignore_ament_install'
[0.402s] Level 1:colcon.colcon_core.package_identification:_identify(projet2025) by extensions ['colcon_pkg']
[0.402s] Level 1:colcon.colcon_core.package_identification:_identify(projet2025) by extension 'colcon_pkg'
[0.402s] Level 1:colcon.colcon_core.package_identification:_identify(projet2025) by extensions ['colcon_meta']
[0.402s] Level 1:colcon.colcon_core.package_identification:_identify(projet2025) by extension 'colcon_meta'
[0.402s] Level 1:colcon.colcon_core.package_identification:_identify(projet2025) by extensions ['ros']
[0.403s] Level 1:colcon.colcon_core.package_identification:_identify(projet2025) by extension 'ros'
[0.406s] DEBUG:colcon.colcon_core.package_identification:Package 'projet2025' with type 'ros.ament_cmake' and name 'projet2025'
[0.407s] Level 1:colcon.colcon_core.package_discovery:discover_packages(recursive) using defaults
[0.407s] Level 1:colcon.colcon_core.package_discovery:discover_packages(ignore) discover
[0.407s] Level 1:colcon.colcon_core.package_discovery:discover_packages(ignore) using defaults
[0.407s] Level 1:colcon.colcon_core.package_discovery:discover_packages(path) discover
[0.407s] Level 1:colcon.colcon_core.package_discovery:discover_packages(path) using defaults
[0.448s] Level 1:colcon.colcon_core.package_discovery:discover_packages(prefix_path) check parameters
[0.448s] Level 1:colcon.colcon_core.package_discovery:discover_packages(prefix_path) discover
[0.452s] WARNING:colcon.colcon_core.prefix_path.colcon:The path '/home/turtle/ros2_ws/install' in the environment variable COLCON_PREFIX_PATH doesn't exist
[0.452s] WARNING:colcon.colcon_ros.prefix_path.ament:The path '/home/turtle/ros2_ws/src/install/test_exam' in the environment variable AMENT_PREFIX_PATH doesn't exist
[0.453s] WARNING:colcon.colcon_ros.prefix_path.ament:The path '/home/turtle/ros2_ws/src/install/teleop_turtle' in the environment variable AMENT_PREFIX_PATH doesn't exist
[0.453s] WARNING:colcon.colcon_ros.prefix_path.ament:The path '/home/turtle/ros2_ws/src/install/mydrone' in the environment variable AMENT_PREFIX_PATH doesn't exist
[0.453s] WARNING:colcon.colcon_ros.prefix_path.ament:The path '/home/turtle/ros2_ws/src/install/mydrone_interfaces' in the environment variable AMENT_PREFIX_PATH doesn't exist
[0.453s] WARNING:colcon.colcon_ros.prefix_path.ament:The path '/home/turtle/ros2_ws/src/install/mybot_teleop' in the environment variable AMENT_PREFIX_PATH doesn't exist
[0.453s] WARNING:colcon.colcon_ros.prefix_path.ament:The path '/home/turtle/ros2_ws/src/install/mybot_interfaces' in the environment variable AMENT_PREFIX_PATH doesn't exist
[0.454s] WARNING:colcon.colcon_ros.prefix_path.ament:The path '/home/turtle/ros2_ws/src/install/mybot_description' in the environment variable AMENT_PREFIX_PATH doesn't exist
[0.454s] WARNING:colcon.colcon_ros.prefix_path.ament:The path '/home/turtle/ros2_ws/src/install/mybot_color' in the environment variable AMENT_PREFIX_PATH doesn't exist
[0.454s] WARNING:colcon.colcon_ros.prefix_path.ament:The path '/home/turtle/ros2_ws/src/install/mybot' in the environment variable AMENT_PREFIX_PATH doesn't exist
[0.454s] WARNING:colcon.colcon_ros.prefix_path.ament:The path '/home/turtle/ros2_ws/install/test_exam' in the environment variable AMENT_PREFIX_PATH doesn't exist
[0.455s] WARNING:colcon.colcon_ros.prefix_path.ament:The path '/home/turtle/ros2_ws/install/teleop_turtle' in the environment variable AMENT_PREFIX_PATH doesn't exist
[0.455s] WARNING:colcon.colcon_ros.prefix_path.ament:The path '/home/turtle/ros2_ws/install/projet2025' in the environment variable AMENT_PREFIX_PATH doesn't exist
[0.455s] WARNING:colcon.colcon_ros.prefix_path.ament:The path '/home/turtle/ros2_ws/install/mydrone' in the environment variable AMENT_PREFIX_PATH doesn't exist
[0.455s] WARNING:colcon.colcon_ros.prefix_path.ament:The path '/home/turtle/ros2_ws/install/mydrone_interfaces' in the environment variable AMENT_PREFIX_PATH doesn't exist
[0.455s] WARNING:colcon.colcon_ros.prefix_path.ament:The path '/home/turtle/ros2_ws/install/mybot_teleop' in the environment variable AMENT_PREFIX_PATH doesn't exist
[0.455s] WARNING:colcon.colcon_ros.prefix_path.ament:The path '/home/turtle/ros2_ws/install/mybot_interfaces' in the environment variable AMENT_PREFIX_PATH doesn't exist
[0.455s] WARNING:colcon.colcon_ros.prefix_path.ament:The path '/home/turtle/ros2_ws/install/mybot_description' in the environment variable AMENT_PREFIX_PATH doesn't exist
[0.455s] WARNING:colcon.colcon_ros.prefix_path.ament:The path '/home/turtle/ros2_ws/install/mybot_color' in the environment variable AMENT_PREFIX_PATH doesn't exist
[0.456s] WARNING:colcon.colcon_ros.prefix_path.ament:The path '/home/turtle/ros2_ws/install/mybot' in the environment variable AMENT_PREFIX_PATH doesn't exist
[0.456s] WARNING:colcon.colcon_ros.prefix_path.catkin:The path '/home/turtle/ros2_ws/src/install/mydrone_interfaces' in the environment variable CMAKE_PREFIX_PATH doesn't exist
[0.456s] WARNING:colcon.colcon_ros.prefix_path.catkin:The path '/home/turtle/ros2_ws/src/install/mybot_interfaces' in the environment variable CMAKE_PREFIX_PATH doesn't exist
[0.457s] WARNING:colcon.colcon_ros.prefix_path.catkin:The path '/home/turtle/ros2_ws/install/projet2025' in the environment variable CMAKE_PREFIX_PATH doesn't exist
[0.457s] WARNING:colcon.colcon_ros.prefix_path.catkin:The path '/home/turtle/ros2_ws/install/mydrone_interfaces' in the environment variable CMAKE_PREFIX_PATH doesn't exist
[0.457s] WARNING:colcon.colcon_ros.prefix_path.catkin:The path '/home/turtle/ros2_ws/install/mybot_interfaces' in the environment variable CMAKE_PREFIX_PATH doesn't exist
[0.459s] DEBUG:colcon.colcon_installed_package_information.package_discovery:Found 0 installed packages in /home/turtle/ros2_ws/src/install
[0.459s] DEBUG:colcon.colcon_installed_package_information.package_discovery:Found 3 installed packages in /opt/turtlebot3_ws/install
[0.461s] DEBUG:colcon.colcon_installed_package_information.package_discovery:Found 291 installed packages in /opt/ros/humble
[0.463s] Level 1:colcon.colcon_core.package_discovery:discover_packages(prefix_path) using defaults
[0.503s] Level 5:colcon.colcon_core.verb:set package 'projet2025' build argument 'cmake_args' from command line to 'None'
[0.503s] Level 5:colcon.colcon_core.verb:set package 'projet2025' build argument 'cmake_target' from command line to 'None'
[0.504s] Level 5:colcon.colcon_core.verb:set package 'projet2025' build argument 'cmake_target_skip_unavailable' from command line to 'False'
[0.504s] Level 5:colcon.colcon_core.verb:set package 'projet2025' build argument 'cmake_clean_cache' from command line to 'False'
[0.504s] Level 5:colcon.colcon_core.verb:set package 'projet2025' build argument 'cmake_clean_first' from command line to 'False'
[0.504s] Level 5:colcon.colcon_core.verb:set package 'projet2025' build argument 'cmake_force_configure' from command line to 'False'
[0.504s] Level 5:colcon.colcon_core.verb:set package 'projet2025' build argument 'ament_cmake_args' from command line to 'None'
[0.504s] Level 5:colcon.colcon_core.verb:set package 'projet2025' build argument 'catkin_cmake_args' from command line to 'None'
[0.504s] Level 5:colcon.colcon_core.verb:set package 'projet2025' build argument 'catkin_skip_building_tests' from command line to 'False'
[0.504s] DEBUG:colcon.colcon_core.verb:Building package 'projet2025' with the following arguments: {'ament_cmake_args': None, 'build_base': '/home/turtle/ros2_ws/src/build/projet2025', 'catkin_cmake_args': None, 'catkin_skip_building_tests': False, 'cmake_args': None, 'cmake_clean_cache': False, 'cmake_clean_first': False, 'cmake_force_configure': False, 'cmake_target': None, 'cmake_target_skip_unavailable': False, 'install_base': '/home/turtle/ros2_ws/src/install/projet2025', 'merge_install': False, 'path': '/home/turtle/ros2_ws/src/projet2025', 'symlink_install': <colcon_core.argument_default.BooleanDefaultValue object at 0x7f51f0b05c90>, 'test_result_base': None}
[0.505s] INFO:colcon.colcon_core.executor:Executing jobs using 'parallel' executor
[0.506s] DEBUG:colcon.colcon_parallel_executor.executor.parallel:run_until_complete
[0.507s] INFO:colcon.colcon_ros.task.ament_cmake.build:Building ROS package in '/home/turtle/ros2_ws/src/projet2025' with build type 'ament_cmake'
[0.507s] INFO:colcon.colcon_cmake.task.cmake.build:Building CMake package in '/home/turtle/ros2_ws/src/projet2025'
[0.512s] INFO:colcon.colcon_core.plugin_system:Skipping extension 'colcon_core.shell.bat': Not used on non-Windows systems
[0.513s] INFO:colcon.colcon_core.shell:Skip shell extension 'powershell' for command environment: Not usable outside of PowerShell
[0.513s] DEBUG:colcon.colcon_core.shell:Skip shell extension 'dsv' for command environment
[0.538s] DEBUG:colcon.colcon_core.event_handler.log_command:Invoking command in '/home/turtle/ros2_ws/src/build/projet2025': CMAKE_PREFIX_PATH=${CMAKE_PREFIX_PATH}:/home/turtle/ros2_ws/src/install/test_exam:/home/turtle/ros2_ws/src/install/teleop_turtle:/home/turtle/ros2_ws/src/install/mydrone:/home/turtle/ros2_ws/src/install/mybot_teleop:/home/turtle/ros2_ws/src/install/mybot_description:/home/turtle/ros2_ws/src/install/mybot_color:/home/turtle/ros2_ws/src/install/mybot:/home/turtle/ros2_ws/install/test_exam:/home/turtle/ros2_ws/install/teleop_turtle:/home/turtle/ros2_ws/install/mydrone:/home/turtle/ros2_ws/install/mybot_teleop:/home/turtle/ros2_ws/install/mybot_description:/home/turtle/ros2_ws/install/mybot_color:/home/turtle/ros2_ws/install/mybot:/opt/ros/humble /usr/bin/cmake /home/turtle/ros2_ws/src/projet2025 -DAMENT_CMAKE_SYMLINK_INSTALL=1 -DCMAKE_INSTALL_PREFIX=/home/turtle/ros2_ws/src/install/projet2025
[2.690s] DEBUG:colcon.colcon_core.event_handler.log_command:Invoked command in '/home/turtle/ros2_ws/src/build/projet2025' returned '0': CMAKE_PREFIX_PATH=${CMAKE_PREFIX_PATH}:/home/turtle/ros2_ws/src/install/test_exam:/home/turtle/ros2_ws/src/install/teleop_turtle:/home/turtle/ros2_ws/src/install/mydrone:/home/turtle/ros2_ws/src/install/mybot_teleop:/home/turtle/ros2_ws/src/install/mybot_description:/home/turtle/ros2_ws/src/install/mybot_color:/home/turtle/ros2_ws/src/install/mybot:/home/turtle/ros2_ws/install/test_exam:/home/turtle/ros2_ws/install/teleop_turtle:/home/turtle/ros2_ws/install/mydrone:/home/turtle/ros2_ws/install/mybot_teleop:/home/turtle/ros2_ws/install/mybot_description:/home/turtle/ros2_ws/install/mybot_color:/home/turtle/ros2_ws/install/mybot:/opt/ros/humble /usr/bin/cmake /home/turtle/ros2_ws/src/projet2025 -DAMENT_CMAKE_SYMLINK_INSTALL=1 -DCMAKE_INSTALL_PREFIX=/home/turtle/ros2_ws/src/install/projet2025
[2.693s] DEBUG:colcon.colcon_core.event_handler.log_command:Invoking command in '/home/turtle/ros2_ws/src/build/projet2025': CMAKE_PREFIX_PATH=${CMAKE_PREFIX_PATH}:/home/turtle/ros2_ws/src/install/test_exam:/home/turtle/ros2_ws/src/install/teleop_turtle:/home/turtle/ros2_ws/src/install/mydrone:/home/turtle/ros2_ws/src/install/mybot_teleop:/home/turtle/ros2_ws/src/install/mybot_description:/home/turtle/ros2_ws/src/install/mybot_color:/home/turtle/ros2_ws/src/install/mybot:/home/turtle/ros2_ws/install/test_exam:/home/turtle/ros2_ws/install/teleop_turtle:/home/turtle/ros2_ws/install/mydrone:/home/turtle/ros2_ws/install/mybot_teleop:/home/turtle/ros2_ws/install/mybot_description:/home/turtle/ros2_ws/install/mybot_color:/home/turtle/ros2_ws/install/mybot:/opt/ros/humble /usr/bin/cmake --build /home/turtle/ros2_ws/src/build/projet2025 -- -j8 -l8
[15.987s] DEBUG:colcon.colcon_core.event_handler.log_command:Invoked command in '/home/turtle/ros2_ws/src/build/projet2025' returned '0': CMAKE_PREFIX_PATH=${CMAKE_PREFIX_PATH}:/home/turtle/ros2_ws/src/install/test_exam:/home/turtle/ros2_ws/src/install/teleop_turtle:/home/turtle/ros2_ws/src/install/mydrone:/home/turtle/ros2_ws/src/install/mybot_teleop:/home/turtle/ros2_ws/src/install/mybot_description:/home/turtle/ros2_ws/src/install/mybot_color:/home/turtle/ros2_ws/src/install/mybot:/home/turtle/ros2_ws/install/test_exam:/home/turtle/ros2_ws/install/teleop_turtle:/home/turtle/ros2_ws/install/mydrone:/home/turtle/ros2_ws/install/mybot_teleop:/home/turtle/ros2_ws/install/mybot_description:/home/turtle/ros2_ws/install/mybot_color:/home/turtle/ros2_ws/install/mybot:/opt/ros/humble /usr/bin/cmake --build /home/turtle/ros2_ws/src/build/projet2025 -- -j8 -l8
[16.007s] DEBUG:colcon.colcon_core.event_handler.log_command:Invoking command in '/home/turtle/ros2_ws/src/build/projet2025': CMAKE_PREFIX_PATH=${CMAKE_PREFIX_PATH}:/home/turtle/ros2_ws/src/install/test_exam:/home/turtle/ros2_ws/src/install/teleop_turtle:/home/turtle/ros2_ws/src/install/mydrone:/home/turtle/ros2_ws/src/install/mybot_teleop:/home/turtle/ros2_ws/src/install/mybot_description:/home/turtle/ros2_ws/src/install/mybot_color:/home/turtle/ros2_ws/src/install/mybot:/home/turtle/ros2_ws/install/test_exam:/home/turtle/ros2_ws/install/teleop_turtle:/home/turtle/ros2_ws/install/mydrone:/home/turtle/ros2_ws/install/mybot_teleop:/home/turtle/ros2_ws/install/mybot_description:/home/turtle/ros2_ws/install/mybot_color:/home/turtle/ros2_ws/install/mybot:/opt/ros/humble /usr/bin/cmake --install /home/turtle/ros2_ws/src/build/projet2025
[17.285s] Level 1:colcon.colcon_core.environment:create_environment_scripts_only(projet2025)
[17.287s] DEBUG:colcon.colcon_core.event_handler.log_command:Invoked command in '/home/turtle/ros2_ws/src/build/projet2025' returned '0': CMAKE_PREFIX_PATH=${CMAKE_PREFIX_PATH}:/home/turtle/ros2_ws/src/install/test_exam:/home/turtle/ros2_ws/src/install/teleop_turtle:/home/turtle/ros2_ws/src/install/mydrone:/home/turtle/ros2_ws/src/install/mybot_teleop:/home/turtle/ros2_ws/src/install/mybot_description:/home/turtle/ros2_ws/src/install/mybot_color:/home/turtle/ros2_ws/src/install/mybot:/home/turtle/ros2_ws/install/test_exam:/home/turtle/ros2_ws/install/teleop_turtle:/home/turtle/ros2_ws/install/mydrone:/home/turtle/ros2_ws/install/mybot_teleop:/home/turtle/ros2_ws/install/mybot_description:/home/turtle/ros2_ws/install/mybot_color:/home/turtle/ros2_ws/install/mybot:/opt/ros/humble /usr/bin/cmake --install /home/turtle/ros2_ws/src/build/projet2025
[17.293s] Level 1:colcon.colcon_core.environment:checking '/home/turtle/ros2_ws/src/install/projet2025' for CMake module files
[17.296s] Level 1:colcon.colcon_core.environment:checking '/home/turtle/ros2_ws/src/install/projet2025' for CMake config files
[17.299s] Level 1:colcon.colcon_core.shell:create_environment_hook('projet2025', 'cmake_prefix_path')
[17.299s] INFO:colcon.colcon_core.shell:Creating environment hook '/home/turtle/ros2_ws/src/install/projet2025/share/projet2025/hook/cmake_prefix_path.ps1'
[17.302s] INFO:colcon.colcon_core.shell:Creating environment descriptor '/home/turtle/ros2_ws/src/install/projet2025/share/projet2025/hook/cmake_prefix_path.dsv'
[17.304s] INFO:colcon.colcon_core.shell:Creating environment hook '/home/turtle/ros2_ws/src/install/projet2025/share/projet2025/hook/cmake_prefix_path.sh'
[17.307s] Level 1:colcon.colcon_core.environment:checking '/home/turtle/ros2_ws/src/install/projet2025/lib'
[17.307s] Level 1:colcon.colcon_core.environment:checking '/home/turtle/ros2_ws/src/install/projet2025/bin'
[17.307s] Level 1:colcon.colcon_core.environment:checking '/home/turtle/ros2_ws/src/install/projet2025/lib/pkgconfig/projet2025.pc'
[17.308s] Level 1:colcon.colcon_core.environment:checking '/home/turtle/ros2_ws/src/install/projet2025/lib/python3.10/site-packages'
[17.308s] Level 1:colcon.colcon_core.environment:checking '/home/turtle/ros2_ws/src/install/projet2025/bin'
[17.309s] INFO:colcon.colcon_core.shell:Creating package script '/home/turtle/ros2_ws/src/install/projet2025/share/projet2025/package.ps1'
[17.311s] INFO:colcon.colcon_core.shell:Creating package descriptor '/home/turtle/ros2_ws/src/install/projet2025/share/projet2025/package.dsv'
[17.313s] INFO:colcon.colcon_core.shell:Creating package script '/home/turtle/ros2_ws/src/install/projet2025/share/projet2025/package.sh'
[17.314s] INFO:colcon.colcon_core.shell:Creating package script '/home/turtle/ros2_ws/src/install/projet2025/share/projet2025/package.bash'
[17.316s] INFO:colcon.colcon_core.shell:Creating package script '/home/turtle/ros2_ws/src/install/projet2025/share/projet2025/package.zsh'
[17.319s] Level 1:colcon.colcon_core.environment:create_file_with_runtime_dependencies(/home/turtle/ros2_ws/src/install/projet2025/share/colcon-core/packages/projet2025)
[17.322s] Level 1:colcon.colcon_core.environment:create_environment_scripts_only(projet2025)
[17.322s] Level 1:colcon.colcon_core.environment:checking '/home/turtle/ros2_ws/src/install/projet2025' for CMake module files
[17.324s] Level 1:colcon.colcon_core.environment:checking '/home/turtle/ros2_ws/src/install/projet2025' for CMake config files
[17.327s] Level 1:colcon.colcon_core.shell:create_environment_hook('projet2025', 'cmake_prefix_path')
[17.327s] INFO:colcon.colcon_core.shell:Creating environment hook '/home/turtle/ros2_ws/src/install/projet2025/share/projet2025/hook/cmake_prefix_path.ps1'
[17.328s] INFO:colcon.colcon_core.shell:Creating environment descriptor '/home/turtle/ros2_ws/src/install/projet2025/share/projet2025/hook/cmake_prefix_path.dsv'
[17.329s] INFO:colcon.colcon_core.shell:Creating environment hook '/home/turtle/ros2_ws/src/install/projet2025/share/projet2025/hook/cmake_prefix_path.sh'
[17.330s] Level 1:colcon.colcon_core.environment:checking '/home/turtle/ros2_ws/src/install/projet2025/lib'
[17.330s] Level 1:colcon.colcon_core.environment:checking '/home/turtle/ros2_ws/src/install/projet2025/bin'
[17.330s] Level 1:colcon.colcon_core.environment:checking '/home/turtle/ros2_ws/src/install/projet2025/lib/pkgconfig/projet2025.pc'
[17.331s] Level 1:colcon.colcon_core.environment:checking '/home/turtle/ros2_ws/src/install/projet2025/lib/python3.10/site-packages'
[17.331s] Level 1:colcon.colcon_core.environment:checking '/home/turtle/ros2_ws/src/install/projet2025/bin'
[17.332s] INFO:colcon.colcon_core.shell:Creating package script '/home/turtle/ros2_ws/src/install/projet2025/share/projet2025/package.ps1'
[17.333s] INFO:colcon.colcon_core.shell:Creating package descriptor '/home/turtle/ros2_ws/src/install/projet2025/share/projet2025/package.dsv'
[17.334s] INFO:colcon.colcon_core.shell:Creating package script '/home/turtle/ros2_ws/src/install/projet2025/share/projet2025/package.sh'
[17.335s] INFO:colcon.colcon_core.shell:Creating package script '/home/turtle/ros2_ws/src/install/projet2025/share/projet2025/package.bash'
[17.336s] INFO:colcon.colcon_core.shell:Creating package script '/home/turtle/ros2_ws/src/install/projet2025/share/projet2025/package.zsh'
[17.338s] Level 1:colcon.colcon_core.environment:create_file_with_runtime_dependencies(/home/turtle/ros2_ws/src/install/projet2025/share/colcon-core/packages/projet2025)
[17.338s] DEBUG:colcon.colcon_parallel_executor.executor.parallel:closing loop
[17.339s] DEBUG:colcon.colcon_parallel_executor.executor.parallel:loop closed
[17.339s] DEBUG:colcon.colcon_parallel_executor.executor.parallel:run_until_complete finished with '0'
[17.339s] DEBUG:colcon.colcon_core.event_reactor:joining thread
[17.346s] INFO:colcon.colcon_core.plugin_system:Skipping extension 'colcon_notification.desktop_notification.terminal_notifier': Not used on non-Darwin systems
[17.346s] INFO:colcon.colcon_core.plugin_system:Skipping extension 'colcon_notification.desktop_notification.win32': Not used on non-Windows systems
[17.346s] INFO:colcon.colcon_notification.desktop_notification:Sending desktop notification using 'notify2'
[17.465s] DEBUG:colcon.colcon_core.event_reactor:joined thread
[17.466s] INFO:colcon.colcon_core.shell:Creating prefix script '/home/turtle/ros2_ws/src/install/local_setup.ps1'
[17.469s] INFO:colcon.colcon_core.shell:Creating prefix util module '/home/turtle/ros2_ws/src/install/_local_setup_util_ps1.py'
[17.472s] INFO:colcon.colcon_core.shell:Creating prefix chain script '/home/turtle/ros2_ws/src/install/setup.ps1'
[17.475s] INFO:colcon.colcon_core.shell:Creating prefix script '/home/turtle/ros2_ws/src/install/local_setup.sh'
[17.477s] INFO:colcon.colcon_core.shell:Creating prefix util module '/home/turtle/ros2_ws/src/install/_local_setup_util_sh.py'
[17.478s] INFO:colcon.colcon_core.shell:Creating prefix chain script '/home/turtle/ros2_ws/src/install/setup.sh'
[17.482s] INFO:colcon.colcon_core.shell:Creating prefix script '/home/turtle/ros2_ws/src/install/local_setup.bash'
[17.483s] INFO:colcon.colcon_core.shell:Creating prefix chain script '/home/turtle/ros2_ws/src/install/setup.bash'
[17.488s] INFO:colcon.colcon_core.shell:Creating prefix script '/home/turtle/ros2_ws/src/install/local_setup.zsh'
[17.490s] INFO:colcon.colcon_core.shell:Creating prefix chain script '/home/turtle/ros2_ws/src/install/setup.zsh'
