[0.111s] DEBUG:colcon:Command line arguments: ['/usr/bin/colcon', 'build']
[0.111s] DEBUG:colcon:Parsed command line arguments: Namespace(log_base=None, log_level=None, verb_name='build', build_base='build', install_base='install', merge_install=False, symlink_install=<colcon_core.argument_default.BooleanDefaultValue object at 0x7f62d173dc90>, test_result_base=None, continue_on_error=False, executor='parallel', parallel_workers=8, event_handlers=None, ignore_user_meta=False, metas=['./colcon.meta'], base_paths=['.'], packages_ignore=None, packages_ignore_regex=None, paths=None, packages_up_to=None, packages_up_to_regex=None, packages_above=None, packages_above_and_dependencies=None, packages_above_depth=None, packages_select_by_dep=None, packages_skip_by_dep=None, packages_skip_up_to=None, packages_select_build_failed=False, packages_skip_build_finished=False, packages_select_test_failures=False, packages_skip_test_passed=False, packages_select=None, packages_skip=None, packages_select_regex=None, packages_skip_regex=None, packages_start=None, packages_end=None, allow_overriding=[], cmake_args=None, cmake_target=None, cmake_target_skip_unavailable=False, cmake_clean_cache=False, cmake_clean_first=False, cmake_force_configure=False, ament_cmake_args=None, catkin_cmake_args=None, catkin_skip_building_tests=False, verb_parser=<colcon_defaults.argument_parser.defaults.DefaultArgumentsDecorator object at 0x7f62d16c1a50>, verb_extension=<colcon_core.verb.build.BuildVerb object at 0x7f62d185eef0>, main=<bound method BuildVerb.main of <colcon_core.verb.build.BuildVerb object at 0x7f62d185eef0>>)
[0.262s] Level 1:colcon.colcon_core.package_discovery:discover_packages(colcon_meta) check parameters
[0.263s] Level 1:colcon.colcon_core.package_discovery:discover_packages(recursive) check parameters
[0.263s] Level 1:colcon.colcon_core.package_discovery:discover_packages(ignore) check parameters
[0.263s] Level 1:colcon.colcon_core.package_discovery:discover_packages(path) check parameters
[0.263s] Level 1:colcon.colcon_core.package_discovery:discover_packages(colcon_meta) discover
[0.263s] Level 1:colcon.colcon_core.package_discovery:discover_packages(recursive) discover
[0.263s] INFO:colcon.colcon_core.package_discovery:Crawling recursively for packages in '/home/turtle/ros2_ws/src'
[0.264s] Level 1:colcon.colcon_core.package_identification:_identify(.) by extensions ['ignore', 'ignore_ament_install']
[0.264s] Level 1:colcon.colcon_core.package_identification:_identify(.) by extension 'ignore'
[0.264s] Level 1:colcon.colcon_core.package_identification:_identify(.) by extension 'ignore_ament_install'
[0.265s] Level 1:colcon.colcon_core.package_identification:_identify(.) by extensions ['colcon_pkg']
[0.265s] Level 1:colcon.colcon_core.package_identification:_identify(.) by extension 'colcon_pkg'
[0.265s] Level 1:colcon.colcon_core.package_identification:_identify(.) by extensions ['colcon_meta']
[0.265s] Level 1:colcon.colcon_core.package_identification:_identify(.) by extension 'colcon_meta'
[0.265s] Level 1:colcon.colcon_core.package_identification:_identify(.) by extensions ['ros']
[0.265s] Level 1:colcon.colcon_core.package_identification:_identify(.) by extension 'ros'
[0.277s] Level 1:colcon.colcon_core.package_identification:_identify(.) by extensions ['cmake', 'python']
[0.277s] Level 1:colcon.colcon_core.package_identification:_identify(.) by extension 'cmake'
[0.277s] Level 1:colcon.colcon_core.package_identification:_identify(.) by extension 'python'
[0.277s] Level 1:colcon.colcon_core.package_identification:_identify(.) by extensions ['python_setup_py']
[0.277s] Level 1:colcon.colcon_core.package_identification:_identify(.) by extension 'python_setup_py'
[0.278s] Level 1:colcon.colcon_core.package_identification:_identify(build) by extensions ['ignore', 'ignore_ament_install']
[0.278s] Level 1:colcon.colcon_core.package_identification:_identify(build) by extension 'ignore'
[0.278s] Level 1:colcon.colcon_core.package_identification:_identify(build) ignored
[0.279s] Level 1:colcon.colcon_core.package_identification:_identify(install) by extensions ['ignore', 'ignore_ament_install']
[0.279s] Level 1:colcon.colcon_core.package_identification:_identify(install) by extension 'ignore'
[0.279s] Level 1:colcon.colcon_core.package_identification:_identify(install) ignored
[0.279s] Level 1:colcon.colcon_core.package_identification:_identify(log) by extensions ['ignore', 'ignore_ament_install']
[0.280s] Level 1:colcon.colcon_core.package_identification:_identify(log) by extension 'ignore'
[0.280s] Level 1:colcon.colcon_core.package_identification:_identify(log) ignored
[0.280s] Level 1:colcon.colcon_core.package_identification:_identify(my_cv_package) by extensions ['ignore', 'ignore_ament_install']
[0.280s] Level 1:colcon.colcon_core.package_identification:_identify(my_cv_package) by extension 'ignore'
[0.281s] Level 1:colcon.colcon_core.package_identification:_identify(my_cv_package) by extension 'ignore_ament_install'
[0.281s] Level 1:colcon.colcon_core.package_identification:_identify(my_cv_package) by extensions ['colcon_pkg']
[0.281s] Level 1:colcon.colcon_core.package_identification:_identify(my_cv_package) by extension 'colcon_pkg'
[0.282s] Level 1:colcon.colcon_core.package_identification:_identify(my_cv_package) by extensions ['colcon_meta']
[0.282s] Level 1:colcon.colcon_core.package_identification:_identify(my_cv_package) by extension 'colcon_meta'
[0.282s] Level 1:colcon.colcon_core.package_identification:_identify(my_cv_package) by extensions ['ros']
[0.282s] Level 1:colcon.colcon_core.package_identification:_identify(my_cv_package) by extension 'ros'
[0.286s] DEBUG:colcon.colcon_core.package_identification:Package 'my_cv_package' with type 'ros.ament_python' and name 'my_cv_package'
[0.287s] Level 1:colcon.colcon_core.package_identification:_identify(projet2025) by extensions ['ignore', 'ignore_ament_install']
[0.287s] Level 1:colcon.colcon_core.package_identification:_identify(projet2025) by extension 'ignore'
[0.287s] Level 1:colcon.colcon_core.package_identification:_identify(projet2025) by extension 'ignore_ament_install'
[0.288s] Level 1:colcon.colcon_core.package_identification:_identify(projet2025) by extensions ['colcon_pkg']
[0.288s] Level 1:colcon.colcon_core.package_identification:_identify(projet2025) by extension 'colcon_pkg'
[0.288s] Level 1:colcon.colcon_core.package_identification:_identify(projet2025) by extensions ['colcon_meta']
[0.288s] Level 1:colcon.colcon_core.package_identification:_identify(projet2025) by extension 'colcon_meta'
[0.288s] Level 1:colcon.colcon_core.package_identification:_identify(projet2025) by extensions ['ros']
[0.288s] Level 1:colcon.colcon_core.package_identification:_identify(projet2025) by extension 'ros'
[0.290s] DEBUG:colcon.colcon_core.package_identification:Package 'projet2025' with type 'ros.ament_cmake' and name 'projet2025'
[0.290s] Level 1:colcon.colcon_core.package_discovery:discover_packages(recursive) using defaults
[0.291s] Level 1:colcon.colcon_core.package_discovery:discover_packages(ignore) discover
[0.291s] Level 1:colcon.colcon_core.package_discovery:discover_packages(ignore) using defaults
[0.291s] Level 1:colcon.colcon_core.package_discovery:discover_packages(path) discover
[0.291s] Level 1:colcon.colcon_core.package_discovery:discover_packages(path) using defaults
[0.325s] Level 1:colcon.colcon_core.package_discovery:discover_packages(prefix_path) check parameters
[0.325s] Level 1:colcon.colcon_core.package_discovery:discover_packages(prefix_path) discover
[0.327s] WARNING:colcon.colcon_core.prefix_path.colcon:The path '/home/turtle/ros2_ws/install' in the environment variable COLCON_PREFIX_PATH doesn't exist
[0.327s] WARNING:colcon.colcon_ros.prefix_path.ament:The path '/home/turtle/ros2_ws/src/install/test_exam' in the environment variable AMENT_PREFIX_PATH doesn't exist
[0.327s] WARNING:colcon.colcon_ros.prefix_path.ament:The path '/home/turtle/ros2_ws/src/install/teleop_turtle' in the environment variable AMENT_PREFIX_PATH doesn't exist
[0.328s] WARNING:colcon.colcon_ros.prefix_path.ament:The path '/home/turtle/ros2_ws/src/install/mydrone' in the environment variable AMENT_PREFIX_PATH doesn't exist
[0.328s] WARNING:colcon.colcon_ros.prefix_path.ament:The path '/home/turtle/ros2_ws/src/install/mydrone_interfaces' in the environment variable AMENT_PREFIX_PATH doesn't exist
[0.328s] WARNING:colcon.colcon_ros.prefix_path.ament:The path '/home/turtle/ros2_ws/src/install/mybot_teleop' in the environment variable AMENT_PREFIX_PATH doesn't exist
[0.328s] WARNING:colcon.colcon_ros.prefix_path.ament:The path '/home/turtle/ros2_ws/src/install/mybot_interfaces' in the environment variable AMENT_PREFIX_PATH doesn't exist
[0.328s] WARNING:colcon.colcon_ros.prefix_path.ament:The path '/home/turtle/ros2_ws/src/install/mybot_description' in the environment variable AMENT_PREFIX_PATH doesn't exist
[0.328s] WARNING:colcon.colcon_ros.prefix_path.ament:The path '/home/turtle/ros2_ws/src/install/mybot_color' in the environment variable AMENT_PREFIX_PATH doesn't exist
[0.329s] WARNING:colcon.colcon_ros.prefix_path.ament:The path '/home/turtle/ros2_ws/src/install/mybot' in the environment variable AMENT_PREFIX_PATH doesn't exist
[0.329s] WARNING:colcon.colcon_ros.prefix_path.ament:The path '/home/turtle/ros2_ws/install/test_exam' in the environment variable AMENT_PREFIX_PATH doesn't exist
[0.329s] WARNING:colcon.colcon_ros.prefix_path.ament:The path '/home/turtle/ros2_ws/install/teleop_turtle' in the environment variable AMENT_PREFIX_PATH doesn't exist
[0.329s] WARNING:colcon.colcon_ros.prefix_path.ament:The path '/home/turtle/ros2_ws/install/projet2025' in the environment variable AMENT_PREFIX_PATH doesn't exist
[0.329s] WARNING:colcon.colcon_ros.prefix_path.ament:The path '/home/turtle/ros2_ws/install/mydrone' in the environment variable AMENT_PREFIX_PATH doesn't exist
[0.329s] WARNING:colcon.colcon_ros.prefix_path.ament:The path '/home/turtle/ros2_ws/install/mydrone_interfaces' in the environment variable AMENT_PREFIX_PATH doesn't exist
[0.329s] WARNING:colcon.colcon_ros.prefix_path.ament:The path '/home/turtle/ros2_ws/install/mybot_teleop' in the environment variable AMENT_PREFIX_PATH doesn't exist
[0.329s] WARNING:colcon.colcon_ros.prefix_path.ament:The path '/home/turtle/ros2_ws/install/mybot_interfaces' in the environment variable AMENT_PREFIX_PATH doesn't exist
[0.329s] WARNING:colcon.colcon_ros.prefix_path.ament:The path '/home/turtle/ros2_ws/install/mybot_description' in the environment variable AMENT_PREFIX_PATH doesn't exist
[0.330s] WARNING:colcon.colcon_ros.prefix_path.ament:The path '/home/turtle/ros2_ws/install/mybot_color' in the environment variable AMENT_PREFIX_PATH doesn't exist
[0.330s] WARNING:colcon.colcon_ros.prefix_path.ament:The path '/home/turtle/ros2_ws/install/mybot' in the environment variable AMENT_PREFIX_PATH doesn't exist
[0.331s] WARNING:colcon.colcon_ros.prefix_path.catkin:The path '/home/turtle/ros2_ws/src/install/mydrone_interfaces' in the environment variable CMAKE_PREFIX_PATH doesn't exist
[0.331s] WARNING:colcon.colcon_ros.prefix_path.catkin:The path '/home/turtle/ros2_ws/src/install/mybot_interfaces' in the environment variable CMAKE_PREFIX_PATH doesn't exist
[0.331s] WARNING:colcon.colcon_ros.prefix_path.catkin:The path '/home/turtle/ros2_ws/install/projet2025' in the environment variable CMAKE_PREFIX_PATH doesn't exist
[0.331s] WARNING:colcon.colcon_ros.prefix_path.catkin:The path '/home/turtle/ros2_ws/install/mydrone_interfaces' in the environment variable CMAKE_PREFIX_PATH doesn't exist
[0.331s] WARNING:colcon.colcon_ros.prefix_path.catkin:The path '/home/turtle/ros2_ws/install/mybot_interfaces' in the environment variable CMAKE_PREFIX_PATH doesn't exist
[0.334s] DEBUG:colcon.colcon_installed_package_information.package_discovery:Found 1 installed packages in /home/turtle/ros2_ws/src/install
[0.335s] DEBUG:colcon.colcon_installed_package_information.package_discovery:Found 3 installed packages in /opt/turtlebot3_ws/install
[0.337s] DEBUG:colcon.colcon_installed_package_information.package_discovery:Found 291 installed packages in /opt/ros/humble
[0.339s] Level 1:colcon.colcon_core.package_discovery:discover_packages(prefix_path) using defaults
[0.378s] Level 5:colcon.colcon_core.verb:set package 'my_cv_package' build argument 'cmake_args' from command line to 'None'
[0.378s] Level 5:colcon.colcon_core.verb:set package 'my_cv_package' build argument 'cmake_target' from command line to 'None'
[0.379s] Level 5:colcon.colcon_core.verb:set package 'my_cv_package' build argument 'cmake_target_skip_unavailable' from command line to 'False'
[0.379s] Level 5:colcon.colcon_core.verb:set package 'my_cv_package' build argument 'cmake_clean_cache' from command line to 'False'
[0.379s] Level 5:colcon.colcon_core.verb:set package 'my_cv_package' build argument 'cmake_clean_first' from command line to 'False'
[0.379s] Level 5:colcon.colcon_core.verb:set package 'my_cv_package' build argument 'cmake_force_configure' from command line to 'False'
[0.379s] Level 5:colcon.colcon_core.verb:set package 'my_cv_package' build argument 'ament_cmake_args' from command line to 'None'
[0.379s] Level 5:colcon.colcon_core.verb:set package 'my_cv_package' build argument 'catkin_cmake_args' from command line to 'None'
[0.379s] Level 5:colcon.colcon_core.verb:set package 'my_cv_package' build argument 'catkin_skip_building_tests' from command line to 'False'
[0.379s] DEBUG:colcon.colcon_core.verb:Building package 'my_cv_package' with the following arguments: {'ament_cmake_args': None, 'build_base': '/home/turtle/ros2_ws/src/build/my_cv_package', 'catkin_cmake_args': None, 'catkin_skip_building_tests': False, 'cmake_args': None, 'cmake_clean_cache': False, 'cmake_clean_first': False, 'cmake_force_configure': False, 'cmake_target': None, 'cmake_target_skip_unavailable': False, 'install_base': '/home/turtle/ros2_ws/src/install/my_cv_package', 'merge_install': False, 'path': '/home/turtle/ros2_ws/src/my_cv_package', 'symlink_install': <colcon_core.argument_default.BooleanDefaultValue object at 0x7f62d173dc90>, 'test_result_base': None}
[0.380s] Level 5:colcon.colcon_core.verb:set package 'projet2025' build argument 'cmake_args' from command line to 'None'
[0.380s] Level 5:colcon.colcon_core.verb:set package 'projet2025' build argument 'cmake_target' from command line to 'None'
[0.380s] Level 5:colcon.colcon_core.verb:set package 'projet2025' build argument 'cmake_target_skip_unavailable' from command line to 'False'
[0.380s] Level 5:colcon.colcon_core.verb:set package 'projet2025' build argument 'cmake_clean_cache' from command line to 'False'
[0.380s] Level 5:colcon.colcon_core.verb:set package 'projet2025' build argument 'cmake_clean_first' from command line to 'False'
[0.380s] Level 5:colcon.colcon_core.verb:set package 'projet2025' build argument 'cmake_force_configure' from command line to 'False'
[0.380s] Level 5:colcon.colcon_core.verb:set package 'projet2025' build argument 'ament_cmake_args' from command line to 'None'
[0.381s] Level 5:colcon.colcon_core.verb:set package 'projet2025' build argument 'catkin_cmake_args' from command line to 'None'
[0.381s] Level 5:colcon.colcon_core.verb:set package 'projet2025' build argument 'catkin_skip_building_tests' from command line to 'False'
[0.381s] DEBUG:colcon.colcon_core.verb:Building package 'projet2025' with the following arguments: {'ament_cmake_args': None, 'build_base': '/home/turtle/ros2_ws/src/build/projet2025', 'catkin_cmake_args': None, 'catkin_skip_building_tests': False, 'cmake_args': None, 'cmake_clean_cache': False, 'cmake_clean_first': False, 'cmake_force_configure': False, 'cmake_target': None, 'cmake_target_skip_unavailable': False, 'install_base': '/home/turtle/ros2_ws/src/install/projet2025', 'merge_install': False, 'path': '/home/turtle/ros2_ws/src/projet2025', 'symlink_install': <colcon_core.argument_default.BooleanDefaultValue object at 0x7f62d173dc90>, 'test_result_base': None}
[0.381s] INFO:colcon.colcon_core.executor:Executing jobs using 'parallel' executor
[0.384s] DEBUG:colcon.colcon_parallel_executor.executor.parallel:run_until_complete
[0.384s] INFO:colcon.colcon_ros.task.ament_python.build:Building ROS package in '/home/turtle/ros2_ws/src/my_cv_package' with build type 'ament_python'
[0.385s] Level 1:colcon.colcon_core.shell:create_environment_hook('my_cv_package', 'ament_prefix_path')
[0.388s] INFO:colcon.colcon_core.plugin_system:Skipping extension 'colcon_core.shell.bat': Not used on non-Windows systems
[0.389s] INFO:colcon.colcon_core.shell:Creating environment hook '/home/turtle/ros2_ws/src/install/my_cv_package/share/my_cv_package/hook/ament_prefix_path.ps1'
[0.391s] INFO:colcon.colcon_core.shell:Creating environment descriptor '/home/turtle/ros2_ws/src/install/my_cv_package/share/my_cv_package/hook/ament_prefix_path.dsv'
[0.393s] INFO:colcon.colcon_core.shell:Creating environment hook '/home/turtle/ros2_ws/src/install/my_cv_package/share/my_cv_package/hook/ament_prefix_path.sh'
[0.395s] INFO:colcon.colcon_core.shell:Skip shell extension 'powershell' for command environment: Not usable outside of PowerShell
[0.395s] DEBUG:colcon.colcon_core.shell:Skip shell extension 'dsv' for command environment
[0.405s] INFO:colcon.colcon_ros.task.ament_cmake.build:Building ROS package in '/home/turtle/ros2_ws/src/projet2025' with build type 'ament_cmake'
[0.405s] INFO:colcon.colcon_cmake.task.cmake.build:Building CMake package in '/home/turtle/ros2_ws/src/projet2025'
[0.406s] INFO:colcon.colcon_core.shell:Skip shell extension 'powershell' for command environment: Not usable outside of PowerShell
[0.406s] DEBUG:colcon.colcon_core.shell:Skip shell extension 'dsv' for command environment
[0.708s] INFO:colcon.colcon_core.task.python.build:Building Python package in '/home/turtle/ros2_ws/src/my_cv_package'
[0.709s] INFO:colcon.colcon_core.shell:Skip shell extension 'powershell' for command environment: Not usable outside of PowerShell
[0.709s] DEBUG:colcon.colcon_core.shell:Skip shell extension 'dsv' for command environment
[0.728s] DEBUG:colcon.colcon_core.event_handler.log_command:Invoking command in '/home/turtle/ros2_ws/src/build/projet2025': CMAKE_PREFIX_PATH=${CMAKE_PREFIX_PATH}:/home/turtle/ros2_ws/src/install/test_exam:/home/turtle/ros2_ws/src/install/teleop_turtle:/home/turtle/ros2_ws/src/install/mydrone:/home/turtle/ros2_ws/src/install/mybot_teleop:/home/turtle/ros2_ws/src/install/mybot_description:/home/turtle/ros2_ws/src/install/mybot_color:/home/turtle/ros2_ws/src/install/mybot:/home/turtle/ros2_ws/install/test_exam:/home/turtle/ros2_ws/install/teleop_turtle:/home/turtle/ros2_ws/install/mydrone:/home/turtle/ros2_ws/install/mybot_teleop:/home/turtle/ros2_ws/install/mybot_description:/home/turtle/ros2_ws/install/mybot_color:/home/turtle/ros2_ws/install/mybot:/opt/ros/humble /usr/bin/cmake --build /home/turtle/ros2_ws/src/build/projet2025 -- -j8 -l8
[0.952s] DEBUG:colcon.colcon_core.event_handler.log_command:Invoked command in '/home/turtle/ros2_ws/src/build/projet2025' returned '0': CMAKE_PREFIX_PATH=${CMAKE_PREFIX_PATH}:/home/turtle/ros2_ws/src/install/test_exam:/home/turtle/ros2_ws/src/install/teleop_turtle:/home/turtle/ros2_ws/src/install/mydrone:/home/turtle/ros2_ws/src/install/mybot_teleop:/home/turtle/ros2_ws/src/install/mybot_description:/home/turtle/ros2_ws/src/install/mybot_color:/home/turtle/ros2_ws/src/install/mybot:/home/turtle/ros2_ws/install/test_exam:/home/turtle/ros2_ws/install/teleop_turtle:/home/turtle/ros2_ws/install/mydrone:/home/turtle/ros2_ws/install/mybot_teleop:/home/turtle/ros2_ws/install/mybot_description:/home/turtle/ros2_ws/install/mybot_color:/home/turtle/ros2_ws/install/mybot:/opt/ros/humble /usr/bin/cmake --build /home/turtle/ros2_ws/src/build/projet2025 -- -j8 -l8
[0.970s] DEBUG:colcon.colcon_core.event_handler.log_command:Invoking command in '/home/turtle/ros2_ws/src/build/projet2025': CMAKE_PREFIX_PATH=${CMAKE_PREFIX_PATH}:/home/turtle/ros2_ws/src/install/test_exam:/home/turtle/ros2_ws/src/install/teleop_turtle:/home/turtle/ros2_ws/src/install/mydrone:/home/turtle/ros2_ws/src/install/mybot_teleop:/home/turtle/ros2_ws/src/install/mybot_description:/home/turtle/ros2_ws/src/install/mybot_color:/home/turtle/ros2_ws/src/install/mybot:/home/turtle/ros2_ws/install/test_exam:/home/turtle/ros2_ws/install/teleop_turtle:/home/turtle/ros2_ws/install/mydrone:/home/turtle/ros2_ws/install/mybot_teleop:/home/turtle/ros2_ws/install/mybot_description:/home/turtle/ros2_ws/install/mybot_color:/home/turtle/ros2_ws/install/mybot:/opt/ros/humble /usr/bin/cmake --install /home/turtle/ros2_ws/src/build/projet2025
[1.094s] Level 1:colcon.colcon_core.environment:create_environment_scripts_only(projet2025)
[1.098s] DEBUG:colcon.colcon_core.event_handler.log_command:Invoked command in '/home/turtle/ros2_ws/src/build/projet2025' returned '0': CMAKE_PREFIX_PATH=${CMAKE_PREFIX_PATH}:/home/turtle/ros2_ws/src/install/test_exam:/home/turtle/ros2_ws/src/install/teleop_turtle:/home/turtle/ros2_ws/src/install/mydrone:/home/turtle/ros2_ws/src/install/mybot_teleop:/home/turtle/ros2_ws/src/install/mybot_description:/home/turtle/ros2_ws/src/install/mybot_color:/home/turtle/ros2_ws/src/install/mybot:/home/turtle/ros2_ws/install/test_exam:/home/turtle/ros2_ws/install/teleop_turtle:/home/turtle/ros2_ws/install/mydrone:/home/turtle/ros2_ws/install/mybot_teleop:/home/turtle/ros2_ws/install/mybot_description:/home/turtle/ros2_ws/install/mybot_color:/home/turtle/ros2_ws/install/mybot:/opt/ros/humble /usr/bin/cmake --install /home/turtle/ros2_ws/src/build/projet2025
[1.100s] Level 1:colcon.colcon_core.environment:checking '/home/turtle/ros2_ws/src/install/projet2025' for CMake module files
[1.105s] Level 1:colcon.colcon_core.environment:checking '/home/turtle/ros2_ws/src/install/projet2025' for CMake config files
[1.110s] Level 1:colcon.colcon_core.shell:create_environment_hook('projet2025', 'cmake_prefix_path')
[1.111s] INFO:colcon.colcon_core.shell:Creating environment hook '/home/turtle/ros2_ws/src/install/projet2025/share/projet2025/hook/cmake_prefix_path.ps1'
[1.114s] INFO:colcon.colcon_core.shell:Creating environment descriptor '/home/turtle/ros2_ws/src/install/projet2025/share/projet2025/hook/cmake_prefix_path.dsv'
[1.120s] INFO:colcon.colcon_core.shell:Creating environment hook '/home/turtle/ros2_ws/src/install/projet2025/share/projet2025/hook/cmake_prefix_path.sh'
[1.122s] Level 1:colcon.colcon_core.environment:checking '/home/turtle/ros2_ws/src/install/projet2025/lib'
[1.122s] Level 1:colcon.colcon_core.environment:checking '/home/turtle/ros2_ws/src/install/projet2025/bin'
[1.123s] Level 1:colcon.colcon_core.environment:checking '/home/turtle/ros2_ws/src/install/projet2025/lib/pkgconfig/projet2025.pc'
[1.123s] Level 1:colcon.colcon_core.environment:checking '/home/turtle/ros2_ws/src/install/projet2025/lib/python3.10/site-packages'
[1.124s] Level 1:colcon.colcon_core.environment:checking '/home/turtle/ros2_ws/src/install/projet2025/bin'
[1.124s] INFO:colcon.colcon_core.shell:Creating package script '/home/turtle/ros2_ws/src/install/projet2025/share/projet2025/package.ps1'
[1.126s] INFO:colcon.colcon_core.shell:Creating package descriptor '/home/turtle/ros2_ws/src/install/projet2025/share/projet2025/package.dsv'
[1.127s] INFO:colcon.colcon_core.shell:Creating package script '/home/turtle/ros2_ws/src/install/projet2025/share/projet2025/package.sh'
[1.129s] INFO:colcon.colcon_core.shell:Creating package script '/home/turtle/ros2_ws/src/install/projet2025/share/projet2025/package.bash'
[1.131s] INFO:colcon.colcon_core.shell:Creating package script '/home/turtle/ros2_ws/src/install/projet2025/share/projet2025/package.zsh'
[1.133s] Level 1:colcon.colcon_core.environment:create_file_with_runtime_dependencies(/home/turtle/ros2_ws/src/install/projet2025/share/colcon-core/packages/projet2025)
[1.134s] Level 1:colcon.colcon_core.environment:create_environment_scripts_only(projet2025)
[1.135s] Level 1:colcon.colcon_core.environment:checking '/home/turtle/ros2_ws/src/install/projet2025' for CMake module files
[1.137s] Level 1:colcon.colcon_core.environment:checking '/home/turtle/ros2_ws/src/install/projet2025' for CMake config files
[1.140s] Level 1:colcon.colcon_core.shell:create_environment_hook('projet2025', 'cmake_prefix_path')
[1.141s] INFO:colcon.colcon_core.shell:Creating environment hook '/home/turtle/ros2_ws/src/install/projet2025/share/projet2025/hook/cmake_prefix_path.ps1'
[1.142s] INFO:colcon.colcon_core.shell:Creating environment descriptor '/home/turtle/ros2_ws/src/install/projet2025/share/projet2025/hook/cmake_prefix_path.dsv'
[1.143s] INFO:colcon.colcon_core.shell:Creating environment hook '/home/turtle/ros2_ws/src/install/projet2025/share/projet2025/hook/cmake_prefix_path.sh'
[1.144s] Level 1:colcon.colcon_core.environment:checking '/home/turtle/ros2_ws/src/install/projet2025/lib'
[1.144s] Level 1:colcon.colcon_core.environment:checking '/home/turtle/ros2_ws/src/install/projet2025/bin'
[1.145s] Level 1:colcon.colcon_core.environment:checking '/home/turtle/ros2_ws/src/install/projet2025/lib/pkgconfig/projet2025.pc'
[1.145s] Level 1:colcon.colcon_core.environment:checking '/home/turtle/ros2_ws/src/install/projet2025/lib/python3.10/site-packages'
[1.146s] Level 1:colcon.colcon_core.environment:checking '/home/turtle/ros2_ws/src/install/projet2025/bin'
[1.147s] INFO:colcon.colcon_core.shell:Creating package script '/home/turtle/ros2_ws/src/install/projet2025/share/projet2025/package.ps1'
[1.149s] INFO:colcon.colcon_core.shell:Creating package descriptor '/home/turtle/ros2_ws/src/install/projet2025/share/projet2025/package.dsv'
[1.150s] INFO:colcon.colcon_core.shell:Creating package script '/home/turtle/ros2_ws/src/install/projet2025/share/projet2025/package.sh'
[1.151s] INFO:colcon.colcon_core.shell:Creating package script '/home/turtle/ros2_ws/src/install/projet2025/share/projet2025/package.bash'
[1.152s] INFO:colcon.colcon_core.shell:Creating package script '/home/turtle/ros2_ws/src/install/projet2025/share/projet2025/package.zsh'
[1.154s] Level 1:colcon.colcon_core.environment:create_file_with_runtime_dependencies(/home/turtle/ros2_ws/src/install/projet2025/share/colcon-core/packages/projet2025)
[1.270s] DEBUG:colcon.colcon_core.event_handler.log_command:Invoking command in '/home/turtle/ros2_ws/src/build/my_cv_package': PYTHONPATH=/home/turtle/ros2_ws/src/build/my_cv_package/prefix_override:/usr/lib/python3/dist-packages/colcon_core/task/python/colcon_distutils_commands:/home/turtle/ros2_ws/src/install/my_cv_package/lib/python3.10/site-packages:${PYTHONPATH} /usr/bin/python3 -W ignore:setup.py install is deprecated -W ignore:easy_install command is deprecated setup.py develop --editable --build-directory /home/turtle/ros2_ws/src/build/my_cv_package/build --no-deps symlink_data
[1.763s] Level 1:colcon.colcon_core.shell:create_environment_hook('my_cv_package', 'pythonpath_develop')
[1.764s] INFO:colcon.colcon_core.shell:Creating environment hook '/home/turtle/ros2_ws/src/build/my_cv_package/share/my_cv_package/hook/pythonpath_develop.ps1'
[1.766s] DEBUG:colcon.colcon_core.event_handler.log_command:Invoked command in '/home/turtle/ros2_ws/src/build/my_cv_package' returned '0': PYTHONPATH=/home/turtle/ros2_ws/src/build/my_cv_package/prefix_override:/usr/lib/python3/dist-packages/colcon_core/task/python/colcon_distutils_commands:/home/turtle/ros2_ws/src/install/my_cv_package/lib/python3.10/site-packages:${PYTHONPATH} /usr/bin/python3 -W ignore:setup.py install is deprecated -W ignore:easy_install command is deprecated setup.py develop --editable --build-directory /home/turtle/ros2_ws/src/build/my_cv_package/build --no-deps symlink_data
[1.768s] INFO:colcon.colcon_core.shell:Creating environment descriptor '/home/turtle/ros2_ws/src/build/my_cv_package/share/my_cv_package/hook/pythonpath_develop.dsv'
[1.769s] INFO:colcon.colcon_core.shell:Creating environment hook '/home/turtle/ros2_ws/src/build/my_cv_package/share/my_cv_package/hook/pythonpath_develop.sh'
[1.771s] Level 1:colcon.colcon_core.environment:checking '/home/turtle/ros2_ws/src/install/my_cv_package' for CMake module files
[1.773s] Level 1:colcon.colcon_core.environment:checking '/home/turtle/ros2_ws/src/install/my_cv_package' for CMake config files
[1.775s] Level 1:colcon.colcon_core.environment:checking '/home/turtle/ros2_ws/src/install/my_cv_package/lib'
[1.776s] Level 1:colcon.colcon_core.environment:checking '/home/turtle/ros2_ws/src/install/my_cv_package/bin'
[1.776s] Level 1:colcon.colcon_core.environment:checking '/home/turtle/ros2_ws/src/install/my_cv_package/lib/pkgconfig/my_cv_package.pc'
[1.776s] Level 1:colcon.colcon_core.environment:checking '/home/turtle/ros2_ws/src/install/my_cv_package/lib/python3.10/site-packages'
[1.777s] Level 1:colcon.colcon_core.shell:create_environment_hook('my_cv_package', 'pythonpath')
[1.777s] INFO:colcon.colcon_core.shell:Creating environment hook '/home/turtle/ros2_ws/src/install/my_cv_package/share/my_cv_package/hook/pythonpath.ps1'
[1.778s] INFO:colcon.colcon_core.shell:Creating environment descriptor '/home/turtle/ros2_ws/src/install/my_cv_package/share/my_cv_package/hook/pythonpath.dsv'
[1.779s] INFO:colcon.colcon_core.shell:Creating environment hook '/home/turtle/ros2_ws/src/install/my_cv_package/share/my_cv_package/hook/pythonpath.sh'
[1.781s] Level 1:colcon.colcon_core.environment:checking '/home/turtle/ros2_ws/src/install/my_cv_package/bin'
[1.781s] Level 1:colcon.colcon_core.environment:create_environment_scripts_only(my_cv_package)
[1.782s] INFO:colcon.colcon_core.shell:Creating package script '/home/turtle/ros2_ws/src/install/my_cv_package/share/my_cv_package/package.ps1'
[1.784s] INFO:colcon.colcon_core.shell:Creating package descriptor '/home/turtle/ros2_ws/src/install/my_cv_package/share/my_cv_package/package.dsv'
[1.785s] INFO:colcon.colcon_core.shell:Creating package script '/home/turtle/ros2_ws/src/install/my_cv_package/share/my_cv_package/package.sh'
[1.786s] INFO:colcon.colcon_core.shell:Creating package script '/home/turtle/ros2_ws/src/install/my_cv_package/share/my_cv_package/package.bash'
[1.787s] INFO:colcon.colcon_core.shell:Creating package script '/home/turtle/ros2_ws/src/install/my_cv_package/share/my_cv_package/package.zsh'
[1.788s] Level 1:colcon.colcon_core.environment:create_file_with_runtime_dependencies(/home/turtle/ros2_ws/src/install/my_cv_package/share/colcon-core/packages/my_cv_package)
[1.789s] DEBUG:colcon.colcon_parallel_executor.executor.parallel:closing loop
[1.789s] DEBUG:colcon.colcon_parallel_executor.executor.parallel:loop closed
[1.789s] DEBUG:colcon.colcon_parallel_executor.executor.parallel:run_until_complete finished with '0'
[1.790s] DEBUG:colcon.colcon_core.event_reactor:joining thread
[1.795s] INFO:colcon.colcon_core.plugin_system:Skipping extension 'colcon_notification.desktop_notification.terminal_notifier': Not used on non-Darwin systems
[1.795s] INFO:colcon.colcon_core.plugin_system:Skipping extension 'colcon_notification.desktop_notification.win32': Not used on non-Windows systems
[1.795s] INFO:colcon.colcon_notification.desktop_notification:Sending desktop notification using 'notify2'
[1.913s] DEBUG:colcon.colcon_core.event_reactor:joined thread
[1.914s] INFO:colcon.colcon_core.shell:Creating prefix script '/home/turtle/ros2_ws/src/install/local_setup.ps1'
[1.916s] INFO:colcon.colcon_core.shell:Creating prefix util module '/home/turtle/ros2_ws/src/install/_local_setup_util_ps1.py'
[1.919s] INFO:colcon.colcon_core.shell:Creating prefix chain script '/home/turtle/ros2_ws/src/install/setup.ps1'
[1.921s] INFO:colcon.colcon_core.shell:Creating prefix script '/home/turtle/ros2_ws/src/install/local_setup.sh'
[1.922s] INFO:colcon.colcon_core.shell:Creating prefix util module '/home/turtle/ros2_ws/src/install/_local_setup_util_sh.py'
[1.923s] INFO:colcon.colcon_core.shell:Creating prefix chain script '/home/turtle/ros2_ws/src/install/setup.sh'
[1.926s] INFO:colcon.colcon_core.shell:Creating prefix script '/home/turtle/ros2_ws/src/install/local_setup.bash'
[1.927s] INFO:colcon.colcon_core.shell:Creating prefix chain script '/home/turtle/ros2_ws/src/install/setup.bash'
[1.929s] INFO:colcon.colcon_core.shell:Creating prefix script '/home/turtle/ros2_ws/src/install/local_setup.zsh'
[1.930s] INFO:colcon.colcon_core.shell:Creating prefix chain script '/home/turtle/ros2_ws/src/install/setup.zsh'
