running develop
running egg_info
creating my_cv_package.egg-info
writing my_cv_package.egg-info/PKG-INFO
writing dependency_links to my_cv_package.egg-info/dependency_links.txt
writing entry points to my_cv_package.egg-info/entry_points.txt
writing requirements to my_cv_package.egg-info/requires.txt
writing top-level names to my_cv_package.egg-info/top_level.txt
writing manifest file 'my_cv_package.egg-info/SOURCES.txt'
reading manifest file 'my_cv_package.egg-info/SOURCES.txt'
writing manifest file 'my_cv_package.egg-info/SOURCES.txt'
running build_ext
Creating /home/turtle/ros2_ws/src/install/my_cv_package/lib/python3.10/site-packages/my-cv-package.egg-link (link to .)
Installing cv_plot script to /home/turtle/ros2_ws/src/install/my_cv_package/lib/my_cv_package

Installed /home/turtle/ros2_ws/src/build/my_cv_package
running symlink_data
creating /home/turtle/ros2_ws/src/install/my_cv_package/share/ament_index
creating /home/turtle/ros2_ws/src/install/my_cv_package/share/ament_index/resource_index
creating /home/turtle/ros2_ws/src/install/my_cv_package/share/ament_index/resource_index/packages
symbolically linking /home/turtle/ros2_ws/src/build/my_cv_package/resource/my_cv_package -> /home/turtle/ros2_ws/src/install/my_cv_package/share/ament_index/resource_index/packages
symbolically linking /home/turtle/ros2_ws/src/build/my_cv_package/package.xml -> /home/turtle/ros2_ws/src/install/my_cv_package/share/my_cv_package
