[0.881s] Invoking command in '/home/turtle/ros2_ws/src/build/my_cv_package': PYTHONPATH=/home/turtle/ros2_ws/src/build/my_cv_package/prefix_override:/usr/lib/python3/dist-packages/colcon_core/task/python/colcon_distutils_commands:/home/turtle/ros2_ws/src/install/my_cv_package/lib/python3.10/site-packages:${PYTHONPATH} /usr/bin/python3 -W ignore:setup.py install is deprecated -W ignore:easy_install command is deprecated setup.py develop --editable --build-directory /home/turtle/ros2_ws/src/build/my_cv_package/build --no-deps symlink_data
[1.165s] running develop
[1.320s] running egg_info
[1.321s] creating my_cv_package.egg-info
[1.322s] writing my_cv_package.egg-info/PKG-INFO
[1.322s] writing dependency_links to my_cv_package.egg-info/dependency_links.txt
[1.323s] writing entry points to my_cv_package.egg-info/entry_points.txt
[1.324s] writing requirements to my_cv_package.egg-info/requires.txt
[1.324s] writing top-level names to my_cv_package.egg-info/top_level.txt
[1.325s] writing manifest file 'my_cv_package.egg-info/SOURCES.txt'
[1.330s] reading manifest file 'my_cv_package.egg-info/SOURCES.txt'
[1.334s] writing manifest file 'my_cv_package.egg-info/SOURCES.txt'
[1.335s] running build_ext
[1.335s] Creating /home/turtle/ros2_ws/src/install/my_cv_package/lib/python3.10/site-packages/my-cv-package.egg-link (link to .)
[1.337s] Installing cv_plot script to /home/turtle/ros2_ws/src/install/my_cv_package/lib/my_cv_package
[1.338s] 
[1.338s] Installed /home/turtle/ros2_ws/src/build/my_cv_package
[1.339s] running symlink_data
[1.339s] creating /home/turtle/ros2_ws/src/install/my_cv_package/share/ament_index
[1.343s] creating /home/turtle/ros2_ws/src/install/my_cv_package/share/ament_index/resource_index
[1.345s] creating /home/turtle/ros2_ws/src/install/my_cv_package/share/ament_index/resource_index/packages
[1.345s] symbolically linking /home/turtle/ros2_ws/src/build/my_cv_package/resource/my_cv_package -> /home/turtle/ros2_ws/src/install/my_cv_package/share/ament_index/resource_index/packages
[1.346s] symbolically linking /home/turtle/ros2_ws/src/build/my_cv_package/package.xml -> /home/turtle/ros2_ws/src/install/my_cv_package/share/my_cv_package
[1.376s] Invoked command in '/home/turtle/ros2_ws/src/build/my_cv_package' returned '0': PYTHONPATH=/home/turtle/ros2_ws/src/build/my_cv_package/prefix_override:/usr/lib/python3/dist-packages/colcon_core/task/python/colcon_distutils_commands:/home/turtle/ros2_ws/src/install/my_cv_package/lib/python3.10/site-packages:${PYTHONPATH} /usr/bin/python3 -W ignore:setup.py install is deprecated -W ignore:easy_install command is deprecated setup.py develop --editable --build-directory /home/turtle/ros2_ws/src/build/my_cv_package/build --no-deps symlink_data
