[35m[1mConsolidate compiler generated dependencies of target turtlebot3_drive[0m
[100%] Built target turtlebot3_drive
-- Install configuration: ""
-- Execute custom install script
-- Up-to-date symlink: /home/turtle/ros2_ws/src/install/projet2025/lib/projet2025/turtlebot3_drive
-- Up-to-date symlink: /home/turtle/ros2_ws/src/install/projet2025/share/projet2025//launch/empty_world.launch.py
-- Up-to-date symlink: /home/turtle/ros2_ws/src/install/projet2025/share/projet2025//launch/projet.launch.py
-- Up-to-date symlink: /home/turtle/ros2_ws/src/install/projet2025/share/projet2025//launch/robot_state_publisher.launch.py
-- Up-to-date symlink: /home/turtle/ros2_ws/src/install/projet2025/share/projet2025//launch/spawn_turtlebot3.launch.py
-- Up-to-date symlink: /home/turtle/ros2_ws/src/install/projet2025/share/projet2025//models/Ball/ball_random.sdf
-- Up-to-date symlink: /home/turtle/ros2_ws/src/install/projet2025/share/projet2025//models/Ball/materials/textures/ballon.jpg
-- Up-to-date symlink: /home/turtle/ros2_ws/src/install/projet2025/share/projet2025//models/Ball/materials/textures/ballon2.jpg
-- Up-to-date symlink: /home/turtle/ros2_ws/src/install/projet2025/share/projet2025//models/Ball/materials/textures/wood.jpg
-- Up-to-date symlink: /home/turtle/ros2_ws/src/install/projet2025/share/projet2025//models/Ball/model.config
-- Up-to-date symlink: /home/turtle/ros2_ws/src/install/projet2025/share/projet2025//models/Ball/model.sdf
-- Up-to-date symlink: /home/turtle/ros2_ws/src/install/projet2025/share/projet2025//models/Ball/model_avant_random.sdf
-- Up-to-date symlink: /home/turtle/ros2_ws/src/install/projet2025/share/projet2025//models/Ball/spawn_random_ball.py
-- Up-to-date symlink: /home/turtle/ros2_ws/src/install/projet2025/share/projet2025//models/CMakeLists.txt
-- Up-to-date symlink: /home/turtle/ros2_ws/src/install/projet2025/share/projet2025//models/LICENSE
-- Up-to-date symlink: /home/turtle/ros2_ws/src/install/projet2025/share/projet2025//models/README.md
-- Up-to-date symlink: /home/turtle/ros2_ws/src/install/projet2025/share/projet2025//models/bouteille/model.config
-- Up-to-date symlink: /home/turtle/ros2_ws/src/install/projet2025/share/projet2025//models/bouteille/model.sdf
-- Up-to-date symlink: /home/turtle/ros2_ws/src/install/projet2025/share/projet2025//models/check_install.bash
-- Up-to-date symlink: /home/turtle/ros2_ws/src/install/projet2025/share/projet2025//models/database.config.in
-- Up-to-date symlink: /home/turtle/ros2_ws/src/install/projet2025/share/projet2025//models/manifest.xml.in
-- Up-to-date symlink: /home/turtle/ros2_ws/src/install/projet2025/share/projet2025//models/projet_model/materials/textures/bricks.png
-- Up-to-date symlink: /home/turtle/ros2_ws/src/install/projet2025/share/projet2025//models/projet_model/materials/textures/ground_texture.png
-- Up-to-date symlink: /home/turtle/ros2_ws/src/install/projet2025/share/projet2025//models/projet_model/materials/textures/ground_texture2.png
-- Up-to-date symlink: /home/turtle/ros2_ws/src/install/projet2025/share/projet2025//models/projet_model/materials/textures/wood.jpg
-- Up-to-date symlink: /home/turtle/ros2_ws/src/install/projet2025/share/projet2025//models/projet_model/model.config
-- Up-to-date symlink: /home/turtle/ros2_ws/src/install/projet2025/share/projet2025//models/projet_model/model.sdf
-- Up-to-date symlink: /home/turtle/ros2_ws/src/install/projet2025/share/projet2025//models/robocup_3Dsim_goal/model.config
-- Up-to-date symlink: /home/turtle/ros2_ws/src/install/projet2025/share/projet2025//models/robocup_3Dsim_goal/model.sdf
-- Up-to-date symlink: /home/turtle/ros2_ws/src/install/projet2025/share/projet2025//models/robocup_3Dsim_goal/model_avant_random.sdf
-- Up-to-date symlink: /home/turtle/ros2_ws/src/install/projet2025/share/projet2025//models/robocup_3Dsim_goal/spawn_random_goal.py
-- Up-to-date symlink: /home/turtle/ros2_ws/src/install/projet2025/share/projet2025//models/sun/model.config
-- Up-to-date symlink: /home/turtle/ros2_ws/src/install/projet2025/share/projet2025//models/sun/model.sdf
-- Up-to-date symlink: /home/turtle/ros2_ws/src/install/projet2025/share/projet2025//models/tunnel.stl
-- Up-to-date symlink: /home/turtle/ros2_ws/src/install/projet2025/share/projet2025//models/tunnel/model.config
-- Up-to-date symlink: /home/turtle/ros2_ws/src/install/projet2025/share/projet2025//models/tunnel/model.sdf
-- Up-to-date symlink: /home/turtle/ros2_ws/src/install/projet2025/share/projet2025//models/turtlebot/materials/textures/68-02421-8000-RA_Turtlebot_F-F_Standoff_color.png
-- Up-to-date symlink: /home/turtle/ros2_ws/src/install/projet2025/share/projet2025//models/turtlebot/materials/textures/68-04552-1000-RA_Turtlebot_M-F_Standoff_color.png
-- Up-to-date symlink: /home/turtle/ros2_ws/src/install/projet2025/share/projet2025//models/turtlebot/materials/textures/68-04552-2000-RA_Turtlebot_M-F_Standoff_color.png
-- Up-to-date symlink: /home/turtle/ros2_ws/src/install/projet2025/share/projet2025//models/turtlebot/materials/textures/create_body.png
-- Up-to-date symlink: /home/turtle/ros2_ws/src/install/projet2025/share/projet2025//models/turtlebot/materials/textures/plate_0_logo.png
-- Up-to-date symlink: /home/turtle/ros2_ws/src/install/projet2025/share/projet2025//models/turtlebot/materials/textures/plate_1_logo.png
-- Up-to-date symlink: /home/turtle/ros2_ws/src/install/projet2025/share/projet2025//models/turtlebot/materials/textures/plate_2_logo.png
-- Up-to-date symlink: /home/turtle/ros2_ws/src/install/projet2025/share/projet2025//models/turtlebot/meshes/68-02403-125_Spacer.dae
-- Up-to-date symlink: /home/turtle/ros2_ws/src/install/projet2025/share/projet2025//models/turtlebot/meshes/68-02421-8000-RA_Turtlebot_F-F_Standoff.dae
-- Up-to-date symlink: /home/turtle/ros2_ws/src/install/projet2025/share/projet2025//models/turtlebot/meshes/68-04552-1000-RA_Turtlebot_M-F_Standoff.dae
-- Up-to-date symlink: /home/turtle/ros2_ws/src/install/projet2025/share/projet2025//models/turtlebot/meshes/68-04552-2000-RA_Turtlebot_M-F_Standoff.dae
-- Up-to-date symlink: /home/turtle/ros2_ws/src/install/projet2025/share/projet2025//models/turtlebot/meshes/68-04556-RA_Kinect_Standoff_Assy.dae
-- Up-to-date symlink: /home/turtle/ros2_ws/src/install/projet2025/share/projet2025//models/turtlebot/meshes/create_body.dae
-- Up-to-date symlink: /home/turtle/ros2_ws/src/install/projet2025/share/projet2025//models/turtlebot/meshes/plate_0_logo.dae
-- Up-to-date symlink: /home/turtle/ros2_ws/src/install/projet2025/share/projet2025//models/turtlebot/meshes/plate_1_logo.dae
-- Up-to-date symlink: /home/turtle/ros2_ws/src/install/projet2025/share/projet2025//models/turtlebot/meshes/plate_2_logo.dae
-- Up-to-date symlink: /home/turtle/ros2_ws/src/install/projet2025/share/projet2025//models/turtlebot/model-1_2.sdf
-- Up-to-date symlink: /home/turtle/ros2_ws/src/install/projet2025/share/projet2025//models/turtlebot/model-1_3.sdf
-- Up-to-date symlink: /home/turtle/ros2_ws/src/install/projet2025/share/projet2025//models/turtlebot/model-1_4.sdf
-- Up-to-date symlink: /home/turtle/ros2_ws/src/install/projet2025/share/projet2025//models/turtlebot/model.config
-- Up-to-date symlink: /home/turtle/ros2_ws/src/install/projet2025/share/projet2025//models/turtlebot/model.sdf
-- Up-to-date symlink: /home/turtle/ros2_ws/src/install/projet2025/share/projet2025//models/turtlebot3_burger/model.config
-- Up-to-date symlink: /home/turtle/ros2_ws/src/install/projet2025/share/projet2025//models/turtlebot3_burger/model.sdf
-- Up-to-date symlink: /home/turtle/ros2_ws/src/install/projet2025/share/projet2025//models/turtlebot3_common/meshes/burger_base.dae
-- Up-to-date symlink: /home/turtle/ros2_ws/src/install/projet2025/share/projet2025//models/turtlebot3_common/meshes/burger_base.stl
-- Up-to-date symlink: /home/turtle/ros2_ws/src/install/projet2025/share/projet2025//models/turtlebot3_common/meshes/lds.dae
-- Up-to-date symlink: /home/turtle/ros2_ws/src/install/projet2025/share/projet2025//models/turtlebot3_common/meshes/left_tire.stl
-- Up-to-date symlink: /home/turtle/ros2_ws/src/install/projet2025/share/projet2025//models/turtlebot3_common/meshes/lidar.stl
-- Up-to-date symlink: /home/turtle/ros2_ws/src/install/projet2025/share/projet2025//models/turtlebot3_common/meshes/r200.dae
-- Up-to-date symlink: /home/turtle/ros2_ws/src/install/projet2025/share/projet2025//models/turtlebot3_common/meshes/right_tire.stl
-- Up-to-date symlink: /home/turtle/ros2_ws/src/install/projet2025/share/projet2025//models/turtlebot3_common/meshes/tire.dae
-- Up-to-date symlink: /home/turtle/ros2_ws/src/install/projet2025/share/projet2025//models/turtlebot3_common/meshes/waffle_base.dae
-- Up-to-date symlink: /home/turtle/ros2_ws/src/install/projet2025/share/projet2025//models/turtlebot3_common/meshes/waffle_pi_base.dae
-- Up-to-date symlink: /home/turtle/ros2_ws/src/install/projet2025/share/projet2025//models/turtlebot3_common/model.config
-- Up-to-date symlink: /home/turtle/ros2_ws/src/install/projet2025/share/projet2025//params/turtlebot3_bridge.yaml
-- Up-to-date symlink: /home/turtle/ros2_ws/src/install/projet2025/share/projet2025//rviz/tb3_gazebo.rviz
-- Up-to-date symlink: /home/turtle/ros2_ws/src/install/projet2025/share/projet2025//urdf/common_properties.urdf
-- Up-to-date symlink: /home/turtle/ros2_ws/src/install/projet2025/share/projet2025//urdf/turtlebot3_burger.urdf
-- Up-to-date symlink: /home/turtle/ros2_ws/src/install/projet2025/share/projet2025//urdf/turtlebot3_waffle.urdf
-- Up-to-date symlink: /home/turtle/ros2_ws/src/install/projet2025/share/projet2025//urdf/turtlebot3_waffle_pi.urdf
-- Up-to-date symlink: /home/turtle/ros2_ws/src/install/projet2025/share/projet2025//worlds/empty.sdf
-- Up-to-date symlink: /home/turtle/ros2_ws/src/install/projet2025/share/projet2025//worlds/projet.sdf
-- Up-to-date symlink: /home/turtle/ros2_ws/src/install/projet2025/include//projet2025/turtlebot3_drive.hpp
-- Up-to-date symlink: /home/turtle/ros2_ws/src/install/projet2025/share/ament_index/resource_index/package_run_dependencies/projet2025
-- Up-to-date symlink: /home/turtle/ros2_ws/src/install/projet2025/share/ament_index/resource_index/parent_prefix_path/projet2025
-- Up-to-date symlink: /home/turtle/ros2_ws/src/install/projet2025/share/projet2025/environment/ament_prefix_path.sh
-- Up-to-date symlink: /home/turtle/ros2_ws/src/install/projet2025/share/projet2025/environment/ament_prefix_path.dsv
-- Up-to-date symlink: /home/turtle/ros2_ws/src/install/projet2025/share/projet2025/environment/path.sh
-- Up-to-date symlink: /home/turtle/ros2_ws/src/install/projet2025/share/projet2025/environment/path.dsv
-- Up-to-date symlink: /home/turtle/ros2_ws/src/install/projet2025/share/projet2025/local_setup.bash
-- Up-to-date symlink: /home/turtle/ros2_ws/src/install/projet2025/share/projet2025/local_setup.sh
-- Up-to-date symlink: /home/turtle/ros2_ws/src/install/projet2025/share/projet2025/local_setup.zsh
-- Up-to-date symlink: /home/turtle/ros2_ws/src/install/projet2025/share/projet2025/local_setup.dsv
-- Symlinking: /home/turtle/ros2_ws/src/install/projet2025/share/projet2025/package.dsv
-- Up-to-date symlink: /home/turtle/ros2_ws/src/install/projet2025/share/ament_index/resource_index/packages/projet2025
-- Up-to-date symlink: /home/turtle/ros2_ws/src/install/projet2025/share/projet2025/cmake/ament_cmake_export_include_directories-extras.cmake
-- Up-to-date symlink: /home/turtle/ros2_ws/src/install/projet2025/share/projet2025/cmake/ament_cmake_export_dependencies-extras.cmake
-- Up-to-date symlink: /home/turtle/ros2_ws/src/install/projet2025/share/projet2025/cmake/projet2025Config.cmake
-- Up-to-date symlink: /home/turtle/ros2_ws/src/install/projet2025/share/projet2025/cmake/projet2025Config-version.cmake
-- Up-to-date symlink: /home/turtle/ros2_ws/src/install/projet2025/share/projet2025/package.xml
