[0.323s] Invoking command in '/home/turtle/ros2_ws/src/build/projet2025': CMAKE_PREFIX_PATH=${CMAKE_PREFIX_PATH}:/home/turtle/ros2_ws/src/install/test_exam:/home/turtle/ros2_ws/src/install/teleop_turtle:/home/turtle/ros2_ws/src/install/mydrone:/home/turtle/ros2_ws/src/install/mybot_teleop:/home/turtle/ros2_ws/src/install/mybot_description:/home/turtle/ros2_ws/src/install/mybot_color:/home/turtle/ros2_ws/src/install/mybot:/home/turtle/ros2_ws/install/test_exam:/home/turtle/ros2_ws/install/teleop_turtle:/home/turtle/ros2_ws/install/mydrone:/home/turtle/ros2_ws/install/mybot_teleop:/home/turtle/ros2_ws/install/mybot_description:/home/turtle/ros2_ws/install/mybot_color:/home/turtle/ros2_ws/install/mybot:/opt/ros/humble /usr/bin/cmake --build /home/turtle/ros2_ws/src/build/projet2025 -- -j8 -l8
[0.396s] [35m[1mConsolidate compiler generated dependencies of target turtlebot3_drive[0m
[0.528s] [100%] Built target turtlebot3_drive
[0.547s] Invoked command in '/home/turtle/ros2_ws/src/build/projet2025' returned '0': CMAKE_PREFIX_PATH=${CMAKE_PREFIX_PATH}:/home/turtle/ros2_ws/src/install/test_exam:/home/turtle/ros2_ws/src/install/teleop_turtle:/home/turtle/ros2_ws/src/install/mydrone:/home/turtle/ros2_ws/src/install/mybot_teleop:/home/turtle/ros2_ws/src/install/mybot_description:/home/turtle/ros2_ws/src/install/mybot_color:/home/turtle/ros2_ws/src/install/mybot:/home/turtle/ros2_ws/install/test_exam:/home/turtle/ros2_ws/install/teleop_turtle:/home/turtle/ros2_ws/install/mydrone:/home/turtle/ros2_ws/install/mybot_teleop:/home/turtle/ros2_ws/install/mybot_description:/home/turtle/ros2_ws/install/mybot_color:/home/turtle/ros2_ws/install/mybot:/opt/ros/humble /usr/bin/cmake --build /home/turtle/ros2_ws/src/build/projet2025 -- -j8 -l8
[0.565s] Invoking command in '/home/turtle/ros2_ws/src/build/projet2025': CMAKE_PREFIX_PATH=${CMAKE_PREFIX_PATH}:/home/turtle/ros2_ws/src/install/test_exam:/home/turtle/ros2_ws/src/install/teleop_turtle:/home/turtle/ros2_ws/src/install/mydrone:/home/turtle/ros2_ws/src/install/mybot_teleop:/home/turtle/ros2_ws/src/install/mybot_description:/home/turtle/ros2_ws/src/install/mybot_color:/home/turtle/ros2_ws/src/install/mybot:/home/turtle/ros2_ws/install/test_exam:/home/turtle/ros2_ws/install/teleop_turtle:/home/turtle/ros2_ws/install/mydrone:/home/turtle/ros2_ws/install/mybot_teleop:/home/turtle/ros2_ws/install/mybot_description:/home/turtle/ros2_ws/install/mybot_color:/home/turtle/ros2_ws/install/mybot:/opt/ros/humble /usr/bin/cmake --install /home/turtle/ros2_ws/src/build/projet2025
[0.578s] -- Install configuration: ""
[0.579s] -- Execute custom install script
[0.581s] -- Up-to-date symlink: /home/turtle/ros2_ws/src/install/projet2025/lib/projet2025/turtlebot3_drive
[0.582s] -- Up-to-date symlink: /home/turtle/ros2_ws/src/install/projet2025/share/projet2025//launch/empty_world.launch.py
[0.583s] -- Up-to-date symlink: /home/turtle/ros2_ws/src/install/projet2025/share/projet2025//launch/projet.launch.py
[0.583s] -- Up-to-date symlink: /home/turtle/ros2_ws/src/install/projet2025/share/projet2025//launch/robot_state_publisher.launch.py
[0.584s] -- Up-to-date symlink: /home/turtle/ros2_ws/src/install/projet2025/share/projet2025//launch/spawn_turtlebot3.launch.py
[0.594s] -- Up-to-date symlink: /home/turtle/ros2_ws/src/install/projet2025/share/projet2025//models/Ball/ball_random.sdf
[0.595s] -- Up-to-date symlink: /home/turtle/ros2_ws/src/install/projet2025/share/projet2025//models/Ball/materials/textures/ballon.jpg
[0.595s] -- Up-to-date symlink: /home/turtle/ros2_ws/src/install/projet2025/share/projet2025//models/Ball/materials/textures/ballon2.jpg
[0.596s] -- Up-to-date symlink: /home/turtle/ros2_ws/src/install/projet2025/share/projet2025//models/Ball/materials/textures/wood.jpg
[0.597s] -- Up-to-date symlink: /home/turtle/ros2_ws/src/install/projet2025/share/projet2025//models/Ball/model.config
[0.597s] -- Up-to-date symlink: /home/turtle/ros2_ws/src/install/projet2025/share/projet2025//models/Ball/model.sdf
[0.598s] -- Up-to-date symlink: /home/turtle/ros2_ws/src/install/projet2025/share/projet2025//models/Ball/model_avant_random.sdf
[0.599s] -- Up-to-date symlink: /home/turtle/ros2_ws/src/install/projet2025/share/projet2025//models/Ball/spawn_random_ball.py
[0.600s] -- Up-to-date symlink: /home/turtle/ros2_ws/src/install/projet2025/share/projet2025//models/CMakeLists.txt
[0.600s] -- Up-to-date symlink: /home/turtle/ros2_ws/src/install/projet2025/share/projet2025//models/LICENSE
[0.600s] -- Up-to-date symlink: /home/turtle/ros2_ws/src/install/projet2025/share/projet2025//models/README.md
[0.601s] -- Up-to-date symlink: /home/turtle/ros2_ws/src/install/projet2025/share/projet2025//models/bouteille/model.config
[0.602s] -- Up-to-date symlink: /home/turtle/ros2_ws/src/install/projet2025/share/projet2025//models/bouteille/model.sdf
[0.602s] -- Up-to-date symlink: /home/turtle/ros2_ws/src/install/projet2025/share/projet2025//models/check_install.bash
[0.603s] -- Up-to-date symlink: /home/turtle/ros2_ws/src/install/projet2025/share/projet2025//models/database.config.in
[0.603s] -- Up-to-date symlink: /home/turtle/ros2_ws/src/install/projet2025/share/projet2025//models/manifest.xml.in
[0.604s] -- Up-to-date symlink: /home/turtle/ros2_ws/src/install/projet2025/share/projet2025//models/projet_model/materials/textures/bricks.png
[0.604s] -- Up-to-date symlink: /home/turtle/ros2_ws/src/install/projet2025/share/projet2025//models/projet_model/materials/textures/ground_texture.png
[0.605s] -- Up-to-date symlink: /home/turtle/ros2_ws/src/install/projet2025/share/projet2025//models/projet_model/materials/textures/ground_texture2.png
[0.606s] -- Up-to-date symlink: /home/turtle/ros2_ws/src/install/projet2025/share/projet2025//models/projet_model/materials/textures/wood.jpg
[0.606s] -- Up-to-date symlink: /home/turtle/ros2_ws/src/install/projet2025/share/projet2025//models/projet_model/model.config
[0.608s] -- Up-to-date symlink: /home/turtle/ros2_ws/src/install/projet2025/share/projet2025//models/projet_model/model.sdf
[0.611s] -- Up-to-date symlink: /home/turtle/ros2_ws/src/install/projet2025/share/projet2025//models/robocup_3Dsim_goal/model.config
[0.612s] -- Up-to-date symlink: /home/turtle/ros2_ws/src/install/projet2025/share/projet2025//models/robocup_3Dsim_goal/model.sdf
[0.613s] -- Up-to-date symlink: /home/turtle/ros2_ws/src/install/projet2025/share/projet2025//models/robocup_3Dsim_goal/model_avant_random.sdf
[0.613s] -- Up-to-date symlink: /home/turtle/ros2_ws/src/install/projet2025/share/projet2025//models/robocup_3Dsim_goal/spawn_random_goal.py
[0.615s] -- Up-to-date symlink: /home/turtle/ros2_ws/src/install/projet2025/share/projet2025//models/sun/model.config
[0.615s] -- Up-to-date symlink: /home/turtle/ros2_ws/src/install/projet2025/share/projet2025//models/sun/model.sdf
[0.616s] -- Up-to-date symlink: /home/turtle/ros2_ws/src/install/projet2025/share/projet2025//models/tunnel.stl
[0.617s] -- Up-to-date symlink: /home/turtle/ros2_ws/src/install/projet2025/share/projet2025//models/tunnel/model.config
[0.617s] -- Up-to-date symlink: /home/turtle/ros2_ws/src/install/projet2025/share/projet2025//models/tunnel/model.sdf
[0.618s] -- Up-to-date symlink: /home/turtle/ros2_ws/src/install/projet2025/share/projet2025//models/turtlebot/materials/textures/68-02421-8000-RA_Turtlebot_F-F_Standoff_color.png
[0.619s] -- Up-to-date symlink: /home/turtle/ros2_ws/src/install/projet2025/share/projet2025//models/turtlebot/materials/textures/68-04552-1000-RA_Turtlebot_M-F_Standoff_color.png
[0.620s] -- Up-to-date symlink: /home/turtle/ros2_ws/src/install/projet2025/share/projet2025//models/turtlebot/materials/textures/68-04552-2000-RA_Turtlebot_M-F_Standoff_color.png
[0.620s] -- Up-to-date symlink: /home/turtle/ros2_ws/src/install/projet2025/share/projet2025//models/turtlebot/materials/textures/create_body.png
[0.621s] -- Up-to-date symlink: /home/turtle/ros2_ws/src/install/projet2025/share/projet2025//models/turtlebot/materials/textures/plate_0_logo.png
[0.622s] -- Up-to-date symlink: /home/turtle/ros2_ws/src/install/projet2025/share/projet2025//models/turtlebot/materials/textures/plate_1_logo.png
[0.622s] -- Up-to-date symlink: /home/turtle/ros2_ws/src/install/projet2025/share/projet2025//models/turtlebot/materials/textures/plate_2_logo.png
[0.623s] -- Up-to-date symlink: /home/turtle/ros2_ws/src/install/projet2025/share/projet2025//models/turtlebot/meshes/68-02403-125_Spacer.dae
[0.625s] -- Up-to-date symlink: /home/turtle/ros2_ws/src/install/projet2025/share/projet2025//models/turtlebot/meshes/68-02421-8000-RA_Turtlebot_F-F_Standoff.dae
[0.625s] -- Up-to-date symlink: /home/turtle/ros2_ws/src/install/projet2025/share/projet2025//models/turtlebot/meshes/68-04552-1000-RA_Turtlebot_M-F_Standoff.dae
[0.626s] -- Up-to-date symlink: /home/turtle/ros2_ws/src/install/projet2025/share/projet2025//models/turtlebot/meshes/68-04552-2000-RA_Turtlebot_M-F_Standoff.dae
[0.628s] -- Up-to-date symlink: /home/turtle/ros2_ws/src/install/projet2025/share/projet2025//models/turtlebot/meshes/68-04556-RA_Kinect_Standoff_Assy.dae
[0.628s] -- Up-to-date symlink: /home/turtle/ros2_ws/src/install/projet2025/share/projet2025//models/turtlebot/meshes/create_body.dae
[0.629s] -- Up-to-date symlink: /home/turtle/ros2_ws/src/install/projet2025/share/projet2025//models/turtlebot/meshes/plate_0_logo.dae
[0.630s] -- Up-to-date symlink: /home/turtle/ros2_ws/src/install/projet2025/share/projet2025//models/turtlebot/meshes/plate_1_logo.dae
[0.630s] -- Up-to-date symlink: /home/turtle/ros2_ws/src/install/projet2025/share/projet2025//models/turtlebot/meshes/plate_2_logo.dae
[0.631s] -- Up-to-date symlink: /home/turtle/ros2_ws/src/install/projet2025/share/projet2025//models/turtlebot/model-1_2.sdf
[0.632s] -- Up-to-date symlink: /home/turtle/ros2_ws/src/install/projet2025/share/projet2025//models/turtlebot/model-1_3.sdf
[0.633s] -- Up-to-date symlink: /home/turtle/ros2_ws/src/install/projet2025/share/projet2025//models/turtlebot/model-1_4.sdf
[0.634s] -- Up-to-date symlink: /home/turtle/ros2_ws/src/install/projet2025/share/projet2025//models/turtlebot/model.config
[0.634s] -- Up-to-date symlink: /home/turtle/ros2_ws/src/install/projet2025/share/projet2025//models/turtlebot/model.sdf
[0.635s] -- Up-to-date symlink: /home/turtle/ros2_ws/src/install/projet2025/share/projet2025//models/turtlebot3_burger/model.config
[0.636s] -- Up-to-date symlink: /home/turtle/ros2_ws/src/install/projet2025/share/projet2025//models/turtlebot3_burger/model.sdf
[0.636s] -- Up-to-date symlink: /home/turtle/ros2_ws/src/install/projet2025/share/projet2025//models/turtlebot3_common/meshes/burger_base.dae
[0.637s] -- Up-to-date symlink: /home/turtle/ros2_ws/src/install/projet2025/share/projet2025//models/turtlebot3_common/meshes/burger_base.stl
[0.637s] -- Up-to-date symlink: /home/turtle/ros2_ws/src/install/projet2025/share/projet2025//models/turtlebot3_common/meshes/lds.dae
[0.638s] -- Up-to-date symlink: /home/turtle/ros2_ws/src/install/projet2025/share/projet2025//models/turtlebot3_common/meshes/left_tire.stl
[0.639s] -- Up-to-date symlink: /home/turtle/ros2_ws/src/install/projet2025/share/projet2025//models/turtlebot3_common/meshes/lidar.stl
[0.639s] -- Up-to-date symlink: /home/turtle/ros2_ws/src/install/projet2025/share/projet2025//models/turtlebot3_common/meshes/r200.dae
[0.640s] -- Up-to-date symlink: /home/turtle/ros2_ws/src/install/projet2025/share/projet2025//models/turtlebot3_common/meshes/right_tire.stl
[0.641s] -- Up-to-date symlink: /home/turtle/ros2_ws/src/install/projet2025/share/projet2025//models/turtlebot3_common/meshes/tire.dae
[0.642s] -- Up-to-date symlink: /home/turtle/ros2_ws/src/install/projet2025/share/projet2025//models/turtlebot3_common/meshes/waffle_base.dae
[0.644s] -- Up-to-date symlink: /home/turtle/ros2_ws/src/install/projet2025/share/projet2025//models/turtlebot3_common/meshes/waffle_pi_base.dae
[0.645s] -- Up-to-date symlink: /home/turtle/ros2_ws/src/install/projet2025/share/projet2025//models/turtlebot3_common/model.config
[0.646s] -- Up-to-date symlink: /home/turtle/ros2_ws/src/install/projet2025/share/projet2025//params/turtlebot3_bridge.yaml
[0.647s] -- Up-to-date symlink: /home/turtle/ros2_ws/src/install/projet2025/share/projet2025//rviz/tb3_gazebo.rviz
[0.649s] -- Up-to-date symlink: /home/turtle/ros2_ws/src/install/projet2025/share/projet2025//urdf/common_properties.urdf
[0.649s] -- Up-to-date symlink: /home/turtle/ros2_ws/src/install/projet2025/share/projet2025//urdf/turtlebot3_burger.urdf
[0.650s] -- Up-to-date symlink: /home/turtle/ros2_ws/src/install/projet2025/share/projet2025//urdf/turtlebot3_waffle.urdf
[0.651s] -- Up-to-date symlink: /home/turtle/ros2_ws/src/install/projet2025/share/projet2025//urdf/turtlebot3_waffle_pi.urdf
[0.652s] -- Up-to-date symlink: /home/turtle/ros2_ws/src/install/projet2025/share/projet2025//worlds/empty.sdf
[0.653s] -- Up-to-date symlink: /home/turtle/ros2_ws/src/install/projet2025/share/projet2025//worlds/projet.sdf
[0.655s] -- Up-to-date symlink: /home/turtle/ros2_ws/src/install/projet2025/include//projet2025/turtlebot3_drive.hpp
[0.656s] -- Up-to-date symlink: /home/turtle/ros2_ws/src/install/projet2025/share/ament_index/resource_index/package_run_dependencies/projet2025
[0.657s] -- Up-to-date symlink: /home/turtle/ros2_ws/src/install/projet2025/share/ament_index/resource_index/parent_prefix_path/projet2025
[0.659s] -- Up-to-date symlink: /home/turtle/ros2_ws/src/install/projet2025/share/projet2025/environment/ament_prefix_path.sh
[0.660s] -- Up-to-date symlink: /home/turtle/ros2_ws/src/install/projet2025/share/projet2025/environment/ament_prefix_path.dsv
[0.661s] -- Up-to-date symlink: /home/turtle/ros2_ws/src/install/projet2025/share/projet2025/environment/path.sh
[0.662s] -- Up-to-date symlink: /home/turtle/ros2_ws/src/install/projet2025/share/projet2025/environment/path.dsv
[0.663s] -- Up-to-date symlink: /home/turtle/ros2_ws/src/install/projet2025/share/projet2025/local_setup.bash
[0.664s] -- Up-to-date symlink: /home/turtle/ros2_ws/src/install/projet2025/share/projet2025/local_setup.sh
[0.665s] -- Up-to-date symlink: /home/turtle/ros2_ws/src/install/projet2025/share/projet2025/local_setup.zsh
[0.666s] -- Up-to-date symlink: /home/turtle/ros2_ws/src/install/projet2025/share/projet2025/local_setup.dsv
[0.667s] -- Symlinking: /home/turtle/ros2_ws/src/install/projet2025/share/projet2025/package.dsv
[0.682s] -- Up-to-date symlink: /home/turtle/ros2_ws/src/install/projet2025/share/ament_index/resource_index/packages/projet2025
[0.683s] -- Up-to-date symlink: /home/turtle/ros2_ws/src/install/projet2025/share/projet2025/cmake/ament_cmake_export_include_directories-extras.cmake
[0.684s] -- Up-to-date symlink: /home/turtle/ros2_ws/src/install/projet2025/share/projet2025/cmake/ament_cmake_export_dependencies-extras.cmake
[0.685s] -- Up-to-date symlink: /home/turtle/ros2_ws/src/install/projet2025/share/projet2025/cmake/projet2025Config.cmake
[0.686s] -- Up-to-date symlink: /home/turtle/ros2_ws/src/install/projet2025/share/projet2025/cmake/projet2025Config-version.cmake
[0.688s] -- Up-to-date symlink: /home/turtle/ros2_ws/src/install/projet2025/share/projet2025/package.xml
[0.692s] Invoked command in '/home/turtle/ros2_ws/src/build/projet2025' returned '0': CMAKE_PREFIX_PATH=${CMAKE_PREFIX_PATH}:/home/turtle/ros2_ws/src/install/test_exam:/home/turtle/ros2_ws/src/install/teleop_turtle:/home/turtle/ros2_ws/src/install/mydrone:/home/turtle/ros2_ws/src/install/mybot_teleop:/home/turtle/ros2_ws/src/install/mybot_description:/home/turtle/ros2_ws/src/install/mybot_color:/home/turtle/ros2_ws/src/install/mybot:/home/turtle/ros2_ws/install/test_exam:/home/turtle/ros2_ws/install/teleop_turtle:/home/turtle/ros2_ws/install/mydrone:/home/turtle/ros2_ws/install/mybot_teleop:/home/turtle/ros2_ws/install/mybot_description:/home/turtle/ros2_ws/install/mybot_color:/home/turtle/ros2_ws/install/mybot:/opt/ros/humble /usr/bin/cmake --install /home/turtle/ros2_ws/src/build/projet2025
